2025-08-26 06:37:09 [main] INFO  r.g.a.AssistantTelegramApplication - Starting AssistantTelegramApplication using Java 17.0.12 with PID 10760 (C:\Users\user\IdeaProjects\RepairAIAssistant\assistant-telegram\target\classes started by user in C:\Users\user\IdeaProjects\RepairAIAssistant\assistant-telegram)
2025-08-26 06:37:09 [main] DEBUG r.g.a.AssistantTelegramApplication - Running with Spring Boot v3.5.4, Spring v6.2.9
2025-08-26 06:37:09 [main] INFO  r.g.a.AssistantTelegramApplication - No active profile set, falling back to 1 default profile: "default"
2025-08-26 06:37:10 [main] INFO  o.s.b.w.e.tomcat.TomcatWebServer - Tomcat initialized with port 8082 (http)
2025-08-26 06:37:10 [main] INFO  o.a.catalina.core.StandardService - Starting service [Tomcat]
2025-08-26 06:37:10 [main] INFO  o.a.catalina.core.StandardEngine - Starting Servlet engine: [Apache Tomcat/10.1.43]
2025-08-26 06:37:10 [main] INFO  o.a.c.c.C.[Tomcat].[localhost].[/] - Initializing Spring embedded WebApplicationContext
2025-08-26 06:37:10 [main] INFO  o.s.b.w.s.c.ServletWebServerApplicationContext - Root WebApplicationContext: initialization completed in 492 ms
2025-08-26 06:37:10 [main] INFO  o.s.b.w.e.tomcat.TomcatWebServer - Tomcat started on port 8082 (http) with context path '/'
2025-08-26 06:37:10 [main] INFO  r.g.a.AssistantTelegramApplication - Started AssistantTelegramApplication in 1.418 seconds (process running for 1.591)
2025-08-26 06:39:22 [main] INFO  r.g.a.AssistantTelegramApplication - Starting AssistantTelegramApplication using Java 17.0.12 with PID 18148 (C:\Users\user\IdeaProjects\RepairAIAssistant\assistant-telegram\target\classes started by user in C:\Users\user\IdeaProjects\RepairAIAssistant\assistant-telegram)
2025-08-26 06:39:22 [main] DEBUG r.g.a.AssistantTelegramApplication - Running with Spring Boot v3.5.4, Spring v6.2.9
2025-08-26 06:39:22 [main] INFO  r.g.a.AssistantTelegramApplication - No active profile set, falling back to 1 default profile: "default"
2025-08-26 06:39:23 [main] INFO  o.s.b.w.e.tomcat.TomcatWebServer - Tomcat initialized with port 8082 (http)
2025-08-26 06:39:23 [main] INFO  o.a.catalina.core.StandardService - Starting service [Tomcat]
2025-08-26 06:39:23 [main] INFO  o.a.catalina.core.StandardEngine - Starting Servlet engine: [Apache Tomcat/10.1.43]
2025-08-26 06:39:23 [main] INFO  o.a.c.c.C.[Tomcat].[localhost].[/] - Initializing Spring embedded WebApplicationContext
2025-08-26 06:39:23 [main] INFO  o.s.b.w.s.c.ServletWebServerApplicationContext - Root WebApplicationContext: initialization completed in 520 ms
2025-08-26 06:39:23 [main] INFO  o.s.b.w.e.tomcat.TomcatWebServer - Tomcat started on port 8082 (http) with context path '/'
2025-08-26 06:39:23 [main] INFO  r.g.a.AssistantTelegramApplication - Started AssistantTelegramApplication in 1.423 seconds (process running for 1.594)
2025-08-26 06:40:02 [main] INFO  r.g.a.AssistantTelegramApplication - Starting AssistantTelegramApplication using Java 17.0.12 with PID 14820 (C:\Users\user\IdeaProjects\RepairAIAssistant\assistant-telegram\target\classes started by user in C:\Users\user\IdeaProjects\RepairAIAssistant\assistant-telegram)
2025-08-26 06:40:02 [main] DEBUG r.g.a.AssistantTelegramApplication - Running with Spring Boot v3.5.4, Spring v6.2.9
2025-08-26 06:40:02 [main] INFO  r.g.a.AssistantTelegramApplication - No active profile set, falling back to 1 default profile: "default"
2025-08-26 06:40:02 [main] INFO  o.s.b.w.e.tomcat.TomcatWebServer - Tomcat initialized with port 8082 (http)
2025-08-26 06:40:02 [main] INFO  o.a.catalina.core.StandardService - Starting service [Tomcat]
2025-08-26 06:40:02 [main] INFO  o.a.catalina.core.StandardEngine - Starting Servlet engine: [Apache Tomcat/10.1.43]
2025-08-26 06:40:02 [main] INFO  o.a.c.c.C.[Tomcat].[localhost].[/] - Initializing Spring embedded WebApplicationContext
2025-08-26 06:40:02 [main] INFO  o.s.b.w.s.c.ServletWebServerApplicationContext - Root WebApplicationContext: initialization completed in 504 ms
2025-08-26 06:40:03 [main] INFO  o.s.b.w.e.tomcat.TomcatWebServer - Tomcat started on port 8082 (http) with context path '/'
2025-08-26 06:40:03 [main] INFO  r.g.a.AssistantTelegramApplication - Started AssistantTelegramApplication in 1.391 seconds (process running for 1.561)
2025-08-26 08:06:42 [main] INFO  r.g.a.AssistantTelegramApplication - Starting AssistantTelegramApplication using Java 17.0.12 with PID 4572 (C:\Users\user\IdeaProjects\RepairAIAssistant\assistant-telegram\target\classes started by user in C:\Users\user\IdeaProjects\RepairAIAssistant\assistant-telegram)
2025-08-26 08:06:42 [main] DEBUG r.g.a.AssistantTelegramApplication - Running with Spring Boot v3.5.4, Spring v6.2.9
2025-08-26 08:06:42 [main] INFO  r.g.a.AssistantTelegramApplication - No active profile set, falling back to 1 default profile: "default"
2025-08-26 08:06:42 [main] INFO  o.s.b.w.e.tomcat.TomcatWebServer - Tomcat initialized with port 8082 (http)
2025-08-26 08:06:42 [main] INFO  o.a.catalina.core.StandardService - Starting service [Tomcat]
2025-08-26 08:06:42 [main] INFO  o.a.catalina.core.StandardEngine - Starting Servlet engine: [Apache Tomcat/10.1.43]
2025-08-26 08:06:42 [main] INFO  o.a.c.c.C.[Tomcat].[localhost].[/] - Initializing Spring embedded WebApplicationContext
2025-08-26 08:06:42 [main] INFO  o.s.b.w.s.c.ServletWebServerApplicationContext - Root WebApplicationContext: initialization completed in 495 ms
2025-08-26 08:06:43 [main] INFO  o.s.b.w.e.tomcat.TomcatWebServer - Tomcat started on port 8082 (http) with context path '/'
2025-08-26 08:06:43 [main] INFO  r.g.a.AssistantTelegramApplication - Started AssistantTelegramApplication in 1.521 seconds (process running for 1.692)
2025-08-26 08:24:43 [main] INFO  r.g.a.AssistantTelegramApplication - Starting AssistantTelegramApplication using Java 17.0.12 with PID 9532 (C:\Users\user\IdeaProjects\RepairAIAssistant\assistant-telegram\target\classes started by user in C:\Users\user\IdeaProjects\RepairAIAssistant\assistant-telegram)
2025-08-26 08:24:43 [main] DEBUG r.g.a.AssistantTelegramApplication - Running with Spring Boot v3.5.4, Spring v6.2.9
2025-08-26 08:24:43 [main] INFO  r.g.a.AssistantTelegramApplication - No active profile set, falling back to 1 default profile: "default"
2025-08-26 08:24:43 [main] INFO  o.s.b.w.e.tomcat.TomcatWebServer - Tomcat initialized with port 8082 (http)
2025-08-26 08:24:43 [main] INFO  o.a.catalina.core.StandardService - Starting service [Tomcat]
2025-08-26 08:24:43 [main] INFO  o.a.catalina.core.StandardEngine - Starting Servlet engine: [Apache Tomcat/10.1.43]
2025-08-26 08:24:44 [main] INFO  o.a.c.c.C.[Tomcat].[localhost].[/] - Initializing Spring embedded WebApplicationContext
2025-08-26 08:24:44 [main] INFO  o.s.b.w.s.c.ServletWebServerApplicationContext - Root WebApplicationContext: initialization completed in 523 ms
2025-08-26 08:24:44 [main] INFO  o.s.b.w.e.tomcat.TomcatWebServer - Tomcat started on port 8082 (http) with context path '/'
2025-08-26 08:24:44 [main] INFO  r.g.a.AssistantTelegramApplication - Started AssistantTelegramApplication in 1.836 seconds (process running for 2.011)
2025-08-26 08:29:41 [main] INFO  r.g.a.AssistantTelegramApplication - Starting AssistantTelegramApplication using Java 17.0.12 with PID 3920 (C:\Users\user\IdeaProjects\RepairAIAssistant\assistant-telegram\target\classes started by user in C:\Users\user\IdeaProjects\RepairAIAssistant\assistant-telegram)
2025-08-26 08:29:41 [main] DEBUG r.g.a.AssistantTelegramApplication - Running with Spring Boot v3.5.4, Spring v6.2.9
2025-08-26 08:29:41 [main] INFO  r.g.a.AssistantTelegramApplication - No active profile set, falling back to 1 default profile: "default"
2025-08-26 08:29:42 [main] INFO  o.s.b.w.e.tomcat.TomcatWebServer - Tomcat initialized with port 8082 (http)
2025-08-26 08:29:42 [main] INFO  o.a.catalina.core.StandardService - Starting service [Tomcat]
2025-08-26 08:29:42 [main] INFO  o.a.catalina.core.StandardEngine - Starting Servlet engine: [Apache Tomcat/10.1.43]
2025-08-26 08:29:42 [main] INFO  o.a.c.c.C.[Tomcat].[localhost].[/] - Initializing Spring embedded WebApplicationContext
2025-08-26 08:29:42 [main] INFO  o.s.b.w.s.c.ServletWebServerApplicationContext - Root WebApplicationContext: initialization completed in 515 ms
2025-08-26 08:29:42 [main] INFO  o.s.b.w.e.tomcat.TomcatWebServer - Tomcat started on port 8082 (http) with context path '/'
2025-08-26 08:29:42 [main] INFO  r.g.a.AssistantTelegramApplication - Started AssistantTelegramApplication in 1.452 seconds (process running for 1.632)
2025-08-26 08:40:20 [main] INFO  r.g.a.AssistantTelegramApplication - Starting AssistantTelegramApplication using Java 17.0.12 with PID 18188 (C:\Users\user\IdeaProjects\RepairAIAssistant\assistant-telegram\target\classes started by user in C:\Users\user\IdeaProjects\RepairAIAssistant\assistant-telegram)
2025-08-26 08:40:20 [main] DEBUG r.g.a.AssistantTelegramApplication - Running with Spring Boot v3.5.4, Spring v6.2.9
2025-08-26 08:40:20 [main] INFO  r.g.a.AssistantTelegramApplication - No active profile set, falling back to 1 default profile: "default"
2025-08-26 08:40:20 [main] INFO  o.s.b.w.e.tomcat.TomcatWebServer - Tomcat initialized with port 8082 (http)
2025-08-26 08:40:20 [main] INFO  o.a.catalina.core.StandardService - Starting service [Tomcat]
2025-08-26 08:40:20 [main] INFO  o.a.catalina.core.StandardEngine - Starting Servlet engine: [Apache Tomcat/10.1.43]
2025-08-26 08:40:20 [main] INFO  o.a.c.c.C.[Tomcat].[localhost].[/] - Initializing Spring embedded WebApplicationContext
2025-08-26 08:40:20 [main] INFO  o.s.b.w.s.c.ServletWebServerApplicationContext - Root WebApplicationContext: initialization completed in 656 ms
2025-08-26 08:40:21 [main] WARN  o.s.b.w.s.c.AnnotationConfigServletWebServerApplicationContext - Exception encountered during context initialization - cancelling refresh attempt: org.springframework.context.ApplicationContextException: Failed to start bean 'webServerStartStop'
2025-08-26 08:40:21 [main] INFO  o.s.b.a.l.ConditionEvaluationReportLogger - 

Error starting ApplicationContext. To display the condition evaluation report re-run your application with 'debug' enabled.
2025-08-26 08:40:21 [main] ERROR o.s.b.d.LoggingFailureAnalysisReporter - 

***************************
APPLICATION FAILED TO START
***************************

Description:

Web server failed to start. Port 8082 was already in use.

Action:

Identify and stop the process that's listening on port 8082 or configure this application to listen on another port.

2025-08-26 08:40:21 [js_mai_bot Telegram Connection] ERROR o.t.t.u.DefaultBotSession - Error executing org.telegram.telegrambots.meta.api.methods.updates.GetUpdates query: [409] Conflict: terminated by other getUpdates request; make sure that only one bot instance is running
org.telegram.telegrambots.meta.exceptions.TelegramApiRequestException: Error executing org.telegram.telegrambots.meta.api.methods.updates.GetUpdates query: [409] Conflict: terminated by other getUpdates request; make sure that only one bot instance is running
	at org.telegram.telegrambots.meta.api.methods.PartialBotApiMethod.deserializeResponseInternal(PartialBotApiMethod.java:54)
	at org.telegram.telegrambots.meta.api.methods.PartialBotApiMethod.deserializeResponseArray(PartialBotApiMethod.java:39)
	at org.telegram.telegrambots.meta.api.methods.updates.GetUpdates.deserializeResponse(GetUpdates.java:83)
	at org.telegram.telegrambots.updatesreceivers.DefaultBotSession$ReaderThread.getUpdatesFromServer(DefaultBotSession.java:258)
	at org.telegram.telegrambots.updatesreceivers.DefaultBotSession$ReaderThread.run(DefaultBotSession.java:188)
2025-08-26 08:40:45 [main] INFO  r.g.a.AssistantTelegramApplication - Starting AssistantTelegramApplication using Java 17.0.12 with PID 5624 (C:\Users\user\IdeaProjects\RepairAIAssistant\assistant-telegram\target\classes started by user in C:\Users\user\IdeaProjects\RepairAIAssistant\assistant-telegram)
2025-08-26 08:40:45 [main] DEBUG r.g.a.AssistantTelegramApplication - Running with Spring Boot v3.5.4, Spring v6.2.9
2025-08-26 08:40:45 [main] INFO  r.g.a.AssistantTelegramApplication - No active profile set, falling back to 1 default profile: "default"
2025-08-26 08:40:45 [main] INFO  o.s.b.w.e.tomcat.TomcatWebServer - Tomcat initialized with port 8082 (http)
2025-08-26 08:40:45 [main] INFO  o.a.catalina.core.StandardService - Starting service [Tomcat]
2025-08-26 08:40:45 [main] INFO  o.a.catalina.core.StandardEngine - Starting Servlet engine: [Apache Tomcat/10.1.43]
2025-08-26 08:40:45 [main] INFO  o.a.c.c.C.[Tomcat].[localhost].[/] - Initializing Spring embedded WebApplicationContext
2025-08-26 08:40:45 [main] INFO  o.s.b.w.s.c.ServletWebServerApplicationContext - Root WebApplicationContext: initialization completed in 512 ms
2025-08-26 08:40:46 [main] INFO  o.s.b.w.e.tomcat.TomcatWebServer - Tomcat started on port 8082 (http) with context path '/'
2025-08-26 08:40:46 [main] INFO  r.g.a.AssistantTelegramApplication - Started AssistantTelegramApplication in 1.488 seconds (process running for 1.659)
2025-08-26 09:09:14 [main] INFO  r.g.a.AssistantTelegramApplication - Starting AssistantTelegramApplication using Java 17.0.12 with PID 1504 (C:\Users\user\IdeaProjects\RepairAIAssistant\assistant-telegram\target\classes started by user in C:\Users\user\IdeaProjects\RepairAIAssistant\assistant-telegram)
2025-08-26 09:09:14 [main] DEBUG r.g.a.AssistantTelegramApplication - Running with Spring Boot v3.5.4, Spring v6.2.9
2025-08-26 09:09:14 [main] INFO  r.g.a.AssistantTelegramApplication - No active profile set, falling back to 1 default profile: "default"
2025-08-26 09:09:15 [main] INFO  o.s.b.w.e.tomcat.TomcatWebServer - Tomcat initialized with port 8082 (http)
2025-08-26 09:09:15 [main] INFO  o.a.catalina.core.StandardService - Starting service [Tomcat]
2025-08-26 09:09:15 [main] INFO  o.a.catalina.core.StandardEngine - Starting Servlet engine: [Apache Tomcat/10.1.43]
2025-08-26 09:09:15 [main] INFO  o.a.c.c.C.[Tomcat].[localhost].[/] - Initializing Spring embedded WebApplicationContext
2025-08-26 09:09:15 [main] INFO  o.s.b.w.s.c.ServletWebServerApplicationContext - Root WebApplicationContext: initialization completed in 553 ms
2025-08-26 09:09:16 [main] INFO  o.s.b.w.e.tomcat.TomcatWebServer - Tomcat started on port 8082 (http) with context path '/'
2025-08-26 09:09:16 [main] INFO  r.g.a.AssistantTelegramApplication - Started AssistantTelegramApplication in 1.976 seconds (process running for 2.152)
2025-08-26 09:21:38 [main] INFO  r.g.a.AssistantTelegramApplication - Starting AssistantTelegramApplication using Java 17.0.12 with PID 2612 (C:\Users\user\IdeaProjects\RepairAIAssistant\assistant-telegram\target\classes started by user in C:\Users\user\IdeaProjects\RepairAIAssistant\assistant-telegram)
2025-08-26 09:21:38 [main] DEBUG r.g.a.AssistantTelegramApplication - Running with Spring Boot v3.5.4, Spring v6.2.9
2025-08-26 09:21:38 [main] INFO  r.g.a.AssistantTelegramApplication - No active profile set, falling back to 1 default profile: "default"
2025-08-26 09:21:39 [main] INFO  o.s.b.w.e.tomcat.TomcatWebServer - Tomcat initialized with port 8082 (http)
2025-08-26 09:21:39 [main] INFO  o.a.catalina.core.StandardService - Starting service [Tomcat]
2025-08-26 09:21:39 [main] INFO  o.a.catalina.core.StandardEngine - Starting Servlet engine: [Apache Tomcat/10.1.43]
2025-08-26 09:21:39 [main] INFO  o.a.c.c.C.[Tomcat].[localhost].[/] - Initializing Spring embedded WebApplicationContext
2025-08-26 09:21:39 [main] INFO  o.s.b.w.s.c.ServletWebServerApplicationContext - Root WebApplicationContext: initialization completed in 531 ms
2025-08-26 09:21:40 [main] INFO  o.s.b.w.e.tomcat.TomcatWebServer - Tomcat started on port 8082 (http) with context path '/'
2025-08-26 09:21:40 [main] INFO  r.g.a.AssistantTelegramApplication - Started AssistantTelegramApplication in 2.349 seconds (process running for 2.519)
2025-08-26 09:34:40 [main] INFO  r.g.a.AssistantTelegramApplication - Starting AssistantTelegramApplication using Java 17.0.12 with PID 14492 (C:\Users\user\IdeaProjects\RepairAIAssistant\assistant-telegram\target\classes started by user in C:\Users\user\IdeaProjects\RepairAIAssistant\assistant-telegram)
2025-08-26 09:34:40 [main] DEBUG r.g.a.AssistantTelegramApplication - Running with Spring Boot v3.5.4, Spring v6.2.9
2025-08-26 09:34:40 [main] INFO  r.g.a.AssistantTelegramApplication - No active profile set, falling back to 1 default profile: "default"
2025-08-26 09:34:40 [main] INFO  o.s.b.w.e.tomcat.TomcatWebServer - Tomcat initialized with port 8082 (http)
2025-08-26 09:34:40 [main] INFO  o.a.catalina.core.StandardService - Starting service [Tomcat]
2025-08-26 09:34:40 [main] INFO  o.a.catalina.core.StandardEngine - Starting Servlet engine: [Apache Tomcat/10.1.43]
2025-08-26 09:34:40 [main] INFO  o.a.c.c.C.[Tomcat].[localhost].[/] - Initializing Spring embedded WebApplicationContext
2025-08-26 09:34:40 [main] INFO  o.s.b.w.s.c.ServletWebServerApplicationContext - Root WebApplicationContext: initialization completed in 518 ms
2025-08-26 09:34:41 [main] INFO  o.s.b.w.e.tomcat.TomcatWebServer - Tomcat started on port 8082 (http) with context path '/'
2025-08-26 09:34:41 [main] INFO  r.g.a.AssistantTelegramApplication - Started AssistantTelegramApplication in 1.785 seconds (process running for 1.957)
2025-08-26 09:36:07 [main] INFO  r.g.a.AssistantTelegramApplication - Starting AssistantTelegramApplication using Java 17.0.12 with PID 6960 (C:\Users\user\IdeaProjects\RepairAIAssistant\assistant-telegram\target\classes started by user in C:\Users\user\IdeaProjects\RepairAIAssistant\assistant-telegram)
2025-08-26 09:36:07 [main] DEBUG r.g.a.AssistantTelegramApplication - Running with Spring Boot v3.5.4, Spring v6.2.9
2025-08-26 09:36:07 [main] INFO  r.g.a.AssistantTelegramApplication - No active profile set, falling back to 1 default profile: "default"
2025-08-26 09:36:07 [main] INFO  o.s.b.w.e.tomcat.TomcatWebServer - Tomcat initialized with port 8082 (http)
2025-08-26 09:36:07 [main] INFO  o.a.catalina.core.StandardService - Starting service [Tomcat]
2025-08-26 09:36:07 [main] INFO  o.a.catalina.core.StandardEngine - Starting Servlet engine: [Apache Tomcat/10.1.43]
2025-08-26 09:36:07 [main] INFO  o.a.c.c.C.[Tomcat].[localhost].[/] - Initializing Spring embedded WebApplicationContext
2025-08-26 09:36:07 [main] INFO  o.s.b.w.s.c.ServletWebServerApplicationContext - Root WebApplicationContext: initialization completed in 525 ms
2025-08-26 09:36:08 [main] INFO  o.s.b.w.e.tomcat.TomcatWebServer - Tomcat started on port 8082 (http) with context path '/'
2025-08-26 09:36:08 [main] INFO  r.g.a.AssistantTelegramApplication - Started AssistantTelegramApplication in 1.774 seconds (process running for 1.944)
2025-08-26 09:43:57 [main] INFO  r.g.a.AssistantTelegramApplication - Starting AssistantTelegramApplication using Java 17.0.12 with PID 16416 (C:\Users\user\IdeaProjects\RepairAIAssistant\assistant-telegram\target\classes started by user in C:\Users\user\IdeaProjects\RepairAIAssistant\assistant-telegram)
2025-08-26 09:43:57 [main] DEBUG r.g.a.AssistantTelegramApplication - Running with Spring Boot v3.5.4, Spring v6.2.9
2025-08-26 09:43:57 [main] INFO  r.g.a.AssistantTelegramApplication - No active profile set, falling back to 1 default profile: "default"
2025-08-26 09:43:58 [main] INFO  o.s.b.w.e.tomcat.TomcatWebServer - Tomcat initialized with port 8082 (http)
2025-08-26 09:43:58 [main] INFO  o.a.catalina.core.StandardService - Starting service [Tomcat]
2025-08-26 09:43:58 [main] INFO  o.a.catalina.core.StandardEngine - Starting Servlet engine: [Apache Tomcat/10.1.43]
2025-08-26 09:43:58 [main] INFO  o.a.c.c.C.[Tomcat].[localhost].[/] - Initializing Spring embedded WebApplicationContext
2025-08-26 09:43:58 [main] INFO  o.s.b.w.s.c.ServletWebServerApplicationContext - Root WebApplicationContext: initialization completed in 495 ms
2025-08-26 09:43:59 [main] INFO  o.s.b.w.e.tomcat.TomcatWebServer - Tomcat started on port 8082 (http) with context path '/'
2025-08-26 09:43:59 [main] INFO  r.g.a.AssistantTelegramApplication - Started AssistantTelegramApplication in 1.546 seconds (process running for 1.722)
2025-08-26 09:49:49 [main] INFO  r.g.a.AssistantTelegramApplication - Starting AssistantTelegramApplication using Java 17.0.12 with PID 17524 (C:\Users\user\IdeaProjects\RepairAIAssistant\assistant-telegram\target\classes started by user in C:\Users\user\IdeaProjects\RepairAIAssistant\assistant-telegram)
2025-08-26 09:49:49 [main] DEBUG r.g.a.AssistantTelegramApplication - Running with Spring Boot v3.5.4, Spring v6.2.9
2025-08-26 09:49:49 [main] INFO  r.g.a.AssistantTelegramApplication - No active profile set, falling back to 1 default profile: "default"
2025-08-26 09:49:49 [main] INFO  o.s.b.w.e.tomcat.TomcatWebServer - Tomcat initialized with port 8082 (http)
2025-08-26 09:49:49 [main] INFO  o.a.catalina.core.StandardService - Starting service [Tomcat]
2025-08-26 09:49:49 [main] INFO  o.a.catalina.core.StandardEngine - Starting Servlet engine: [Apache Tomcat/10.1.43]
2025-08-26 09:49:49 [main] INFO  o.a.c.c.C.[Tomcat].[localhost].[/] - Initializing Spring embedded WebApplicationContext
2025-08-26 09:49:49 [main] INFO  o.s.b.w.s.c.ServletWebServerApplicationContext - Root WebApplicationContext: initialization completed in 500 ms
2025-08-26 09:49:51 [main] INFO  o.s.b.w.e.tomcat.TomcatWebServer - Tomcat started on port 8082 (http) with context path '/'
2025-08-26 09:49:51 [main] INFO  r.g.a.AssistantTelegramApplication - Started AssistantTelegramApplication in 2.806 seconds (process running for 2.979)
2025-08-26 09:51:40 [main] INFO  r.g.a.AssistantTelegramApplication - Starting AssistantTelegramApplication using Java 17.0.12 with PID 20768 (C:\Users\user\IdeaProjects\RepairAIAssistant\assistant-telegram\target\classes started by user in C:\Users\user\IdeaProjects\RepairAIAssistant\assistant-telegram)
2025-08-26 09:51:40 [main] DEBUG r.g.a.AssistantTelegramApplication - Running with Spring Boot v3.5.4, Spring v6.2.9
2025-08-26 09:51:40 [main] INFO  r.g.a.AssistantTelegramApplication - No active profile set, falling back to 1 default profile: "default"
2025-08-26 09:51:41 [main] INFO  o.s.b.w.e.tomcat.TomcatWebServer - Tomcat initialized with port 8082 (http)
2025-08-26 09:51:41 [main] INFO  o.a.catalina.core.StandardService - Starting service [Tomcat]
2025-08-26 09:51:41 [main] INFO  o.a.catalina.core.StandardEngine - Starting Servlet engine: [Apache Tomcat/10.1.43]
2025-08-26 09:51:41 [main] INFO  o.a.c.c.C.[Tomcat].[localhost].[/] - Initializing Spring embedded WebApplicationContext
2025-08-26 09:51:41 [main] INFO  o.s.b.w.s.c.ServletWebServerApplicationContext - Root WebApplicationContext: initialization completed in 513 ms
2025-08-26 09:51:42 [main] INFO  o.s.b.w.e.tomcat.TomcatWebServer - Tomcat started on port 8082 (http) with context path '/'
2025-08-26 09:51:42 [main] INFO  r.g.a.AssistantTelegramApplication - Started AssistantTelegramApplication in 1.92 seconds (process running for 2.089)
2025-08-26 09:56:29 [main] INFO  r.g.a.AssistantTelegramApplication - Starting AssistantTelegramApplication using Java 17.0.12 with PID 10120 (C:\Users\user\IdeaProjects\RepairAIAssistant\assistant-telegram\target\classes started by user in C:\Users\user\IdeaProjects\RepairAIAssistant\assistant-telegram)
2025-08-26 09:56:29 [main] DEBUG r.g.a.AssistantTelegramApplication - Running with Spring Boot v3.5.4, Spring v6.2.9
2025-08-26 09:56:29 [main] INFO  r.g.a.AssistantTelegramApplication - No active profile set, falling back to 1 default profile: "default"
2025-08-26 09:56:30 [main] INFO  o.s.b.w.e.tomcat.TomcatWebServer - Tomcat initialized with port 8082 (http)
2025-08-26 09:56:30 [main] INFO  o.a.catalina.core.StandardService - Starting service [Tomcat]
2025-08-26 09:56:30 [main] INFO  o.a.catalina.core.StandardEngine - Starting Servlet engine: [Apache Tomcat/10.1.43]
2025-08-26 09:56:30 [main] INFO  o.a.c.c.C.[Tomcat].[localhost].[/] - Initializing Spring embedded WebApplicationContext
2025-08-26 09:56:30 [main] INFO  o.s.b.w.s.c.ServletWebServerApplicationContext - Root WebApplicationContext: initialization completed in 516 ms
2025-08-26 09:56:31 [main] INFO  o.s.b.w.e.tomcat.TomcatWebServer - Tomcat started on port 8082 (http) with context path '/'
2025-08-26 09:56:31 [main] INFO  r.g.a.AssistantTelegramApplication - Started AssistantTelegramApplication in 1.821 seconds (process running for 1.999)
2025-08-26 10:12:07 [main] INFO  r.g.a.AssistantTelegramApplication - Starting AssistantTelegramApplication using Java 17.0.12 with PID 20720 (C:\Users\user\IdeaProjects\RepairAIAssistant\assistant-telegram\target\classes started by user in C:\Users\user\IdeaProjects\RepairAIAssistant\assistant-telegram)
2025-08-26 10:12:07 [main] DEBUG r.g.a.AssistantTelegramApplication - Running with Spring Boot v3.5.4, Spring v6.2.9
2025-08-26 10:12:07 [main] INFO  r.g.a.AssistantTelegramApplication - No active profile set, falling back to 1 default profile: "default"
2025-08-26 10:12:07 [main] INFO  o.s.b.w.e.tomcat.TomcatWebServer - Tomcat initialized with port 8082 (http)
2025-08-26 10:12:07 [main] INFO  o.a.catalina.core.StandardService - Starting service [Tomcat]
2025-08-26 10:12:07 [main] INFO  o.a.catalina.core.StandardEngine - Starting Servlet engine: [Apache Tomcat/10.1.43]
2025-08-26 10:12:07 [main] INFO  o.a.c.c.C.[Tomcat].[localhost].[/] - Initializing Spring embedded WebApplicationContext
2025-08-26 10:12:07 [main] INFO  o.s.b.w.s.c.ServletWebServerApplicationContext - Root WebApplicationContext: initialization completed in 515 ms
2025-08-26 10:12:08 [main] INFO  o.s.b.w.e.tomcat.TomcatWebServer - Tomcat started on port 8082 (http) with context path '/'
2025-08-26 10:12:08 [main] INFO  r.g.a.AssistantTelegramApplication - Started AssistantTelegramApplication in 1.829 seconds (process running for 2.013)
2025-08-26 10:18:19 [main] INFO  r.g.a.AssistantTelegramApplication - Starting AssistantTelegramApplication using Java 17.0.12 with PID 14284 (C:\Users\user\IdeaProjects\RepairAIAssistant\assistant-telegram\target\classes started by user in C:\Users\user\IdeaProjects\RepairAIAssistant\assistant-telegram)
2025-08-26 10:18:19 [main] DEBUG r.g.a.AssistantTelegramApplication - Running with Spring Boot v3.5.4, Spring v6.2.9
2025-08-26 10:18:19 [main] INFO  r.g.a.AssistantTelegramApplication - No active profile set, falling back to 1 default profile: "default"
2025-08-26 10:18:19 [main] INFO  o.s.b.w.e.tomcat.TomcatWebServer - Tomcat initialized with port 8082 (http)
2025-08-26 10:18:19 [main] INFO  o.a.catalina.core.StandardService - Starting service [Tomcat]
2025-08-26 10:18:19 [main] INFO  o.a.catalina.core.StandardEngine - Starting Servlet engine: [Apache Tomcat/10.1.43]
2025-08-26 10:18:19 [main] INFO  o.a.c.c.C.[Tomcat].[localhost].[/] - Initializing Spring embedded WebApplicationContext
2025-08-26 10:18:19 [main] INFO  o.s.b.w.s.c.ServletWebServerApplicationContext - Root WebApplicationContext: initialization completed in 550 ms
2025-08-26 10:18:20 [main] INFO  o.s.b.w.e.tomcat.TomcatWebServer - Tomcat started on port 8082 (http) with context path '/'
2025-08-26 10:18:20 [main] INFO  r.g.a.AssistantTelegramApplication - Started AssistantTelegramApplication in 1.875 seconds (process running for 2.057)
2025-08-26 10:19:37 [main] INFO  r.g.a.AssistantTelegramApplication - Starting AssistantTelegramApplication using Java 17.0.12 with PID 9188 (C:\Users\user\IdeaProjects\RepairAIAssistant\assistant-telegram\target\classes started by user in C:\Users\user\IdeaProjects\RepairAIAssistant\assistant-telegram)
2025-08-26 10:19:37 [main] DEBUG r.g.a.AssistantTelegramApplication - Running with Spring Boot v3.5.4, Spring v6.2.9
2025-08-26 10:19:37 [main] INFO  r.g.a.AssistantTelegramApplication - No active profile set, falling back to 1 default profile: "default"
2025-08-26 10:19:38 [main] INFO  o.s.b.w.e.tomcat.TomcatWebServer - Tomcat initialized with port 8082 (http)
2025-08-26 10:19:38 [main] INFO  o.a.catalina.core.StandardService - Starting service [Tomcat]
2025-08-26 10:19:38 [main] INFO  o.a.catalina.core.StandardEngine - Starting Servlet engine: [Apache Tomcat/10.1.43]
2025-08-26 10:19:38 [main] INFO  o.a.c.c.C.[Tomcat].[localhost].[/] - Initializing Spring embedded WebApplicationContext
2025-08-26 10:19:38 [main] INFO  o.s.b.w.s.c.ServletWebServerApplicationContext - Root WebApplicationContext: initialization completed in 531 ms
2025-08-26 10:19:39 [main] INFO  o.s.b.w.e.tomcat.TomcatWebServer - Tomcat started on port 8082 (http) with context path '/'
2025-08-26 10:19:39 [main] INFO  r.g.a.AssistantTelegramApplication - Started AssistantTelegramApplication in 2.055 seconds (process running for 2.239)
2025-08-26 10:26:36 [main] INFO  r.g.a.AssistantTelegramApplication - Starting AssistantTelegramApplication using Java 17.0.12 with PID 17044 (C:\Users\user\IdeaProjects\RepairAIAssistant\assistant-telegram\target\classes started by user in C:\Users\user\IdeaProjects\RepairAIAssistant\assistant-telegram)
2025-08-26 10:26:36 [main] DEBUG r.g.a.AssistantTelegramApplication - Running with Spring Boot v3.5.4, Spring v6.2.9
2025-08-26 10:26:36 [main] INFO  r.g.a.AssistantTelegramApplication - No active profile set, falling back to 1 default profile: "default"
2025-08-26 10:26:36 [main] INFO  o.s.b.w.e.tomcat.TomcatWebServer - Tomcat initialized with port 8082 (http)
2025-08-26 10:26:36 [main] INFO  o.a.catalina.core.StandardService - Starting service [Tomcat]
2025-08-26 10:26:36 [main] INFO  o.a.catalina.core.StandardEngine - Starting Servlet engine: [Apache Tomcat/10.1.43]
2025-08-26 10:26:36 [main] INFO  o.a.c.c.C.[Tomcat].[localhost].[/] - Initializing Spring embedded WebApplicationContext
2025-08-26 10:26:36 [main] INFO  o.s.b.w.s.c.ServletWebServerApplicationContext - Root WebApplicationContext: initialization completed in 514 ms
2025-08-26 10:26:37 [main] INFO  o.s.b.w.e.tomcat.TomcatWebServer - Tomcat started on port 8082 (http) with context path '/'
2025-08-26 10:26:37 [main] INFO  r.g.a.AssistantTelegramApplication - Started AssistantTelegramApplication in 1.832 seconds (process running for 2.016)
2025-08-26 11:05:10 [main] INFO  r.g.a.AssistantTelegramApplication - Starting AssistantTelegramApplication using Java 17.0.12 with PID 14408 (C:\Users\user\IdeaProjects\RepairAIAssistant\assistant-telegram\target\classes started by user in C:\Users\user\IdeaProjects\RepairAIAssistant\assistant-telegram)
2025-08-26 11:05:10 [main] DEBUG r.g.a.AssistantTelegramApplication - Running with Spring Boot v3.5.4, Spring v6.2.9
2025-08-26 11:05:10 [main] INFO  r.g.a.AssistantTelegramApplication - No active profile set, falling back to 1 default profile: "default"
2025-08-26 11:05:10 [main] INFO  o.s.b.w.e.tomcat.TomcatWebServer - Tomcat initialized with port 8082 (http)
2025-08-26 11:05:10 [main] INFO  o.a.catalina.core.StandardService - Starting service [Tomcat]
2025-08-26 11:05:10 [main] INFO  o.a.catalina.core.StandardEngine - Starting Servlet engine: [Apache Tomcat/10.1.43]
2025-08-26 11:05:10 [main] INFO  o.a.c.c.C.[Tomcat].[localhost].[/] - Initializing Spring embedded WebApplicationContext
2025-08-26 11:05:10 [main] INFO  o.s.b.w.s.c.ServletWebServerApplicationContext - Root WebApplicationContext: initialization completed in 543 ms
2025-08-26 11:05:11 [main] INFO  o.s.b.w.e.tomcat.TomcatWebServer - Tomcat started on port 8082 (http) with context path '/'
2025-08-26 11:05:11 [main] INFO  r.g.a.AssistantTelegramApplication - Started AssistantTelegramApplication in 1.928 seconds (process running for 2.135)
2025-09-22 12:26:43 [main] INFO  r.g.a.AssistantTelegramApplication - Starting AssistantTelegramApplication using Java 17.0.12 with PID 9432 (C:\Users\user\IdeaProjects\RepairAIAssistant\assistant-telegram\target\classes started by user in C:\Users\user\IdeaProjects\RepairAIAssistant\assistant-telegram)
2025-09-22 12:26:43 [main] DEBUG r.g.a.AssistantTelegramApplication - Running with Spring Boot v3.5.4, Spring v6.2.9
2025-09-22 12:26:43 [main] INFO  r.g.a.AssistantTelegramApplication - No active profile set, falling back to 1 default profile: "default"
2025-09-22 12:26:43 [main] INFO  o.s.b.w.e.tomcat.TomcatWebServer - Tomcat initialized with port 8082 (http)
2025-09-22 12:26:43 [main] INFO  o.a.catalina.core.StandardService - Starting service [Tomcat]
2025-09-22 12:26:43 [main] INFO  o.a.catalina.core.StandardEngine - Starting Servlet engine: [Apache Tomcat/10.1.43]
2025-09-22 12:26:43 [main] INFO  o.a.c.c.C.[Tomcat].[localhost].[/] - Initializing Spring embedded WebApplicationContext
2025-09-22 12:26:43 [main] INFO  o.s.b.w.s.c.ServletWebServerApplicationContext - Root WebApplicationContext: initialization completed in 559 ms
2025-09-22 12:26:43 [main] INFO  r.g.a.config.BotConfig - Попытка 1 регистрации Telegram бота...
2025-09-22 12:26:46 [main] INFO  r.g.a.config.BotConfig - Telegram бот успешно зарегистрирован
2025-09-22 12:26:46 [main] INFO  o.s.b.w.e.tomcat.TomcatWebServer - Tomcat started on port 8082 (http) with context path '/'
2025-09-22 12:26:46 [main] INFO  r.g.a.AssistantTelegramApplication - Started AssistantTelegramApplication in 3.864 seconds (process running for 4.064)
2025-09-22 12:29:14 [main] INFO  r.g.a.AssistantTelegramApplication - Starting AssistantTelegramApplication using Java 17.0.12 with PID 17204 (C:\Users\user\IdeaProjects\RepairAIAssistant\assistant-telegram\target\classes started by user in C:\Users\user\IdeaProjects\RepairAIAssistant\assistant-telegram)
2025-09-22 12:29:14 [main] DEBUG r.g.a.AssistantTelegramApplication - Running with Spring Boot v3.5.4, Spring v6.2.9
2025-09-22 12:29:14 [main] INFO  r.g.a.AssistantTelegramApplication - No active profile set, falling back to 1 default profile: "default"
2025-09-22 12:29:15 [main] INFO  o.s.b.w.e.tomcat.TomcatWebServer - Tomcat initialized with port 8082 (http)
2025-09-22 12:29:15 [main] INFO  o.a.catalina.core.StandardService - Starting service [Tomcat]
2025-09-22 12:29:15 [main] INFO  o.a.catalina.core.StandardEngine - Starting Servlet engine: [Apache Tomcat/10.1.43]
2025-09-22 12:29:15 [main] INFO  o.a.c.c.C.[Tomcat].[localhost].[/] - Initializing Spring embedded WebApplicationContext
2025-09-22 12:29:15 [main] INFO  o.s.b.w.s.c.ServletWebServerApplicationContext - Root WebApplicationContext: initialization completed in 555 ms
2025-09-22 12:29:15 [main] INFO  r.g.a.config.BotConfig - Попытка 1 регистрации Telegram бота...
2025-09-22 12:29:17 [main] INFO  r.g.a.config.BotConfig - Telegram бот успешно зарегистрирован
2025-09-22 12:29:17 [main] INFO  o.s.b.w.e.tomcat.TomcatWebServer - Tomcat started on port 8082 (http) with context path '/'
2025-09-22 12:29:17 [main] INFO  r.g.a.AssistantTelegramApplication - Started AssistantTelegramApplication in 2.656 seconds (process running for 2.863)
2025-09-22 12:39:41 [main] INFO  r.g.a.AssistantTelegramApplication - Starting AssistantTelegramApplication using Java 17.0.12 with PID 19344 (C:\Users\user\IdeaProjects\RepairAIAssistant\assistant-telegram\target\classes started by user in C:\Users\user\IdeaProjects\RepairAIAssistant\assistant-telegram)
2025-09-22 12:39:41 [main] DEBUG r.g.a.AssistantTelegramApplication - Running with Spring Boot v3.5.4, Spring v6.2.9
2025-09-22 12:39:41 [main] INFO  r.g.a.AssistantTelegramApplication - No active profile set, falling back to 1 default profile: "default"
2025-09-22 12:39:41 [main] INFO  o.s.b.w.e.tomcat.TomcatWebServer - Tomcat initialized with port 8082 (http)
2025-09-22 12:39:41 [main] INFO  o.a.catalina.core.StandardService - Starting service [Tomcat]
2025-09-22 12:39:41 [main] INFO  o.a.catalina.core.StandardEngine - Starting Servlet engine: [Apache Tomcat/10.1.43]
2025-09-22 12:39:42 [main] INFO  o.a.c.c.C.[Tomcat].[localhost].[/] - Initializing Spring embedded WebApplicationContext
2025-09-22 12:39:42 [main] INFO  o.s.b.w.s.c.ServletWebServerApplicationContext - Root WebApplicationContext: initialization completed in 538 ms
2025-09-22 12:39:42 [main] INFO  r.g.a.config.BotConfig - Попытка 1 регистрации Telegram бота...
2025-09-22 12:39:43 [main] INFO  r.g.a.config.BotConfig - Telegram бот успешно зарегистрирован
2025-09-22 12:39:43 [main] INFO  o.s.b.w.e.tomcat.TomcatWebServer - Tomcat started on port 8082 (http) with context path '/'
2025-09-22 12:39:43 [main] INFO  r.g.a.AssistantTelegramApplication - Started AssistantTelegramApplication in 2.118 seconds (process running for 2.305)
2025-09-22 12:45:45 [main] INFO  r.g.a.AssistantTelegramApplication - Starting AssistantTelegramApplication using Java 17.0.12 with PID 20928 (C:\Users\user\IdeaProjects\RepairAIAssistant\assistant-telegram\target\classes started by user in C:\Users\user\IdeaProjects\RepairAIAssistant\assistant-telegram)
2025-09-22 12:45:45 [main] DEBUG r.g.a.AssistantTelegramApplication - Running with Spring Boot v3.5.4, Spring v6.2.9
2025-09-22 12:45:45 [main] INFO  r.g.a.AssistantTelegramApplication - No active profile set, falling back to 1 default profile: "default"
2025-09-22 12:45:45 [main] INFO  o.s.b.w.e.tomcat.TomcatWebServer - Tomcat initialized with port 8082 (http)
2025-09-22 12:45:45 [main] INFO  o.a.catalina.core.StandardService - Starting service [Tomcat]
2025-09-22 12:45:45 [main] INFO  o.a.catalina.core.StandardEngine - Starting Servlet engine: [Apache Tomcat/10.1.43]
2025-09-22 12:45:45 [main] INFO  o.a.c.c.C.[Tomcat].[localhost].[/] - Initializing Spring embedded WebApplicationContext
2025-09-22 12:45:45 [main] INFO  o.s.b.w.s.c.ServletWebServerApplicationContext - Root WebApplicationContext: initialization completed in 592 ms
2025-09-22 12:45:46 [main] INFO  r.g.a.config.BotConfig - Попытка 1 регистрации Telegram бота...
2025-09-22 12:45:46 [main] INFO  r.g.a.config.BotConfig - Telegram бот успешно зарегистрирован
2025-09-22 12:45:47 [main] INFO  o.s.b.w.e.tomcat.TomcatWebServer - Tomcat started on port 8082 (http) with context path '/'
2025-09-22 12:45:47 [main] INFO  r.g.a.AssistantTelegramApplication - Started AssistantTelegramApplication in 2.086 seconds (process running for 2.273)
2025-09-22 12:53:32 [main] INFO  r.g.a.AssistantTelegramApplication - Starting AssistantTelegramApplication using Java 17.0.12 with PID 22904 (C:\Users\user\IdeaProjects\RepairAIAssistant\assistant-telegram\target\classes started by user in C:\Users\user\IdeaProjects\RepairAIAssistant\assistant-telegram)
2025-09-22 12:53:32 [main] DEBUG r.g.a.AssistantTelegramApplication - Running with Spring Boot v3.5.4, Spring v6.2.9
2025-09-22 12:53:32 [main] INFO  r.g.a.AssistantTelegramApplication - No active profile set, falling back to 1 default profile: "default"
2025-09-22 12:53:32 [main] INFO  o.s.b.w.e.tomcat.TomcatWebServer - Tomcat initialized with port 8082 (http)
2025-09-22 12:53:32 [main] INFO  o.a.catalina.core.StandardService - Starting service [Tomcat]
2025-09-22 12:53:32 [main] INFO  o.a.catalina.core.StandardEngine - Starting Servlet engine: [Apache Tomcat/10.1.43]
2025-09-22 12:53:32 [main] INFO  o.a.c.c.C.[Tomcat].[localhost].[/] - Initializing Spring embedded WebApplicationContext
2025-09-22 12:53:32 [main] INFO  o.s.b.w.s.c.ServletWebServerApplicationContext - Root WebApplicationContext: initialization completed in 520 ms
2025-09-22 12:53:32 [main] INFO  r.g.a.config.BotConfig - Попытка 1 регистрации Telegram бота...
2025-09-22 12:53:33 [main] INFO  r.g.a.config.BotConfig - Telegram бот успешно зарегистрирован
2025-09-22 12:53:33 [main] INFO  o.s.b.w.e.tomcat.TomcatWebServer - Tomcat started on port 8082 (http) with context path '/'
2025-09-22 12:53:33 [main] INFO  r.g.a.AssistantTelegramApplication - Started AssistantTelegramApplication in 1.775 seconds (process running for 1.956)
2025-09-22 12:59:02 [main] INFO  r.g.a.AssistantTelegramApplication - Starting AssistantTelegramApplication using Java 17.0.12 with PID 17576 (C:\Users\user\IdeaProjects\RepairAIAssistant\assistant-telegram\target\classes started by user in C:\Users\user\IdeaProjects\RepairAIAssistant\assistant-telegram)
2025-09-22 12:59:02 [main] DEBUG r.g.a.AssistantTelegramApplication - Running with Spring Boot v3.5.4, Spring v6.2.9
2025-09-22 12:59:02 [main] INFO  r.g.a.AssistantTelegramApplication - No active profile set, falling back to 1 default profile: "default"
2025-09-22 12:59:02 [main] INFO  o.s.b.w.e.tomcat.TomcatWebServer - Tomcat initialized with port 8082 (http)
2025-09-22 12:59:02 [main] INFO  o.a.catalina.core.StandardService - Starting service [Tomcat]
2025-09-22 12:59:02 [main] INFO  o.a.catalina.core.StandardEngine - Starting Servlet engine: [Apache Tomcat/10.1.43]
2025-09-22 12:59:02 [main] INFO  o.a.c.c.C.[Tomcat].[localhost].[/] - Initializing Spring embedded WebApplicationContext
2025-09-22 12:59:02 [main] INFO  o.s.b.w.s.c.ServletWebServerApplicationContext - Root WebApplicationContext: initialization completed in 593 ms
2025-09-22 12:59:03 [main] INFO  r.g.a.config.BotConfig - Попытка 1 регистрации Telegram бота...
2025-09-22 12:59:06 [main] INFO  r.g.a.config.BotConfig - Telegram бот успешно зарегистрирован
2025-09-22 12:59:06 [main] INFO  o.s.b.w.e.tomcat.TomcatWebServer - Tomcat started on port 8082 (http) with context path '/'
2025-09-22 12:59:06 [main] INFO  r.g.a.AssistantTelegramApplication - Started AssistantTelegramApplication in 4.924 seconds (process running for 5.129)
2025-09-22 13:15:59 [main] INFO  r.g.a.AssistantTelegramApplication - Starting AssistantTelegramApplication using Java 17.0.12 with PID 21148 (C:\Users\user\IdeaProjects\RepairAIAssistant\assistant-telegram\target\classes started by user in C:\Users\user\IdeaProjects\RepairAIAssistant\assistant-telegram)
2025-09-22 13:15:59 [main] DEBUG r.g.a.AssistantTelegramApplication - Running with Spring Boot v3.5.4, Spring v6.2.9
2025-09-22 13:15:59 [main] INFO  r.g.a.AssistantTelegramApplication - No active profile set, falling back to 1 default profile: "default"
2025-09-22 13:15:59 [main] INFO  o.s.b.w.e.tomcat.TomcatWebServer - Tomcat initialized with port 8082 (http)
2025-09-22 13:15:59 [main] INFO  o.a.catalina.core.StandardService - Starting service [Tomcat]
2025-09-22 13:15:59 [main] INFO  o.a.catalina.core.StandardEngine - Starting Servlet engine: [Apache Tomcat/10.1.43]
2025-09-22 13:15:59 [main] INFO  o.a.c.c.C.[Tomcat].[localhost].[/] - Initializing Spring embedded WebApplicationContext
2025-09-22 13:15:59 [main] INFO  o.s.b.w.s.c.ServletWebServerApplicationContext - Root WebApplicationContext: initialization completed in 581 ms
2025-09-22 13:16:00 [main] INFO  r.g.a.config.BotConfig - Попытка 1 регистрации Telegram бота...
2025-09-22 13:16:00 [main] INFO  r.g.a.config.BotConfig - Telegram бот успешно зарегистрирован
2025-09-22 13:16:01 [main] INFO  o.s.b.w.e.tomcat.TomcatWebServer - Tomcat started on port 8082 (http) with context path '/'
2025-09-22 13:16:01 [main] INFO  r.g.a.AssistantTelegramApplication - Started AssistantTelegramApplication in 2.116 seconds (process running for 2.306)
2025-10-02 12:44:42 [main] INFO  r.g.a.AssistantTelegramApplication - Starting AssistantTelegramApplication using Java 17.0.12 with PID 15044 (C:\Users\user\IdeaProjects\RepairAIAssistant\assistant-telegram\target\classes started by user in C:\Users\user\IdeaProjects\RepairAIAssistant\assistant-telegram)
2025-10-02 12:44:42 [main] DEBUG r.g.a.AssistantTelegramApplication - Running with Spring Boot v3.5.4, Spring v6.2.9
2025-10-02 12:44:42 [main] INFO  r.g.a.AssistantTelegramApplication - No active profile set, falling back to 1 default profile: "default"
2025-10-02 12:44:43 [main] INFO  o.s.b.w.e.tomcat.TomcatWebServer - Tomcat initialized with port 8082 (http)
2025-10-02 12:44:43 [main] INFO  o.a.catalina.core.StandardService - Starting service [Tomcat]
2025-10-02 12:44:43 [main] INFO  o.a.catalina.core.StandardEngine - Starting Servlet engine: [Apache Tomcat/10.1.43]
2025-10-02 12:44:43 [main] INFO  o.a.c.c.C.[Tomcat].[localhost].[/] - Initializing Spring embedded WebApplicationContext
2025-10-02 12:44:43 [main] INFO  o.s.b.w.s.c.ServletWebServerApplicationContext - Root WebApplicationContext: initialization completed in 1022 ms
2025-10-02 12:44:44 [main] INFO  r.g.a.config.BotConfig - Попытка 1 регистрации Telegram бота...
2025-10-02 12:44:44 [main] INFO  r.g.a.config.BotConfig - Telegram бот успешно зарегистрирован
2025-10-02 12:44:45 [main] INFO  o.s.b.w.e.tomcat.TomcatWebServer - Tomcat started on port 8082 (http) with context path '/'
2025-10-02 12:44:45 [main] INFO  r.g.a.AssistantTelegramApplication - Started AssistantTelegramApplication in 2.804 seconds (process running for 3.093)
2025-10-02 12:44:45 [main] INFO  r.g.a.AssistantTelegramApplication - ? Telegram Bot запущен на порту 8082
2025-10-02 12:44:45 [main] INFO  r.g.a.AssistantTelegramApplication - ? Bot подключен к Telegram API
2025-10-02 12:44:48 [js_mai_bot Telegram Connection] ERROR o.t.t.u.DefaultBotSession - Error executing org.telegram.telegrambots.meta.api.methods.updates.GetUpdates query: [409] Conflict: terminated by other getUpdates request; make sure that only one bot instance is running
org.telegram.telegrambots.meta.exceptions.TelegramApiRequestException: Error executing org.telegram.telegrambots.meta.api.methods.updates.GetUpdates query: [409] Conflict: terminated by other getUpdates request; make sure that only one bot instance is running
	at org.telegram.telegrambots.meta.api.methods.PartialBotApiMethod.deserializeResponseInternal(PartialBotApiMethod.java:54)
	at org.telegram.telegrambots.meta.api.methods.PartialBotApiMethod.deserializeResponseArray(PartialBotApiMethod.java:39)
	at org.telegram.telegrambots.meta.api.methods.updates.GetUpdates.deserializeResponse(GetUpdates.java:83)
	at org.telegram.telegrambots.updatesreceivers.DefaultBotSession$ReaderThread.getUpdatesFromServer(DefaultBotSession.java:258)
	at org.telegram.telegrambots.updatesreceivers.DefaultBotSession$ReaderThread.run(DefaultBotSession.java:188)
2025-10-02 12:44:53 [js_mai_bot Telegram Connection] ERROR o.t.t.u.DefaultBotSession - Error executing org.telegram.telegrambots.meta.api.methods.updates.GetUpdates query: [409] Conflict: terminated by other getUpdates request; make sure that only one bot instance is running
org.telegram.telegrambots.meta.exceptions.TelegramApiRequestException: Error executing org.telegram.telegrambots.meta.api.methods.updates.GetUpdates query: [409] Conflict: terminated by other getUpdates request; make sure that only one bot instance is running
	at org.telegram.telegrambots.meta.api.methods.PartialBotApiMethod.deserializeResponseInternal(PartialBotApiMethod.java:54)
	at org.telegram.telegrambots.meta.api.methods.PartialBotApiMethod.deserializeResponseArray(PartialBotApiMethod.java:39)
	at org.telegram.telegrambots.meta.api.methods.updates.GetUpdates.deserializeResponse(GetUpdates.java:83)
	at org.telegram.telegrambots.updatesreceivers.DefaultBotSession$ReaderThread.getUpdatesFromServer(DefaultBotSession.java:258)
	at org.telegram.telegrambots.updatesreceivers.DefaultBotSession$ReaderThread.run(DefaultBotSession.java:188)
2025-10-02 12:44:57 [js_mai_bot Telegram Connection] ERROR o.t.t.u.DefaultBotSession - Error executing org.telegram.telegrambots.meta.api.methods.updates.GetUpdates query: [409] Conflict: terminated by other getUpdates request; make sure that only one bot instance is running
org.telegram.telegrambots.meta.exceptions.TelegramApiRequestException: Error executing org.telegram.telegrambots.meta.api.methods.updates.GetUpdates query: [409] Conflict: terminated by other getUpdates request; make sure that only one bot instance is running
	at org.telegram.telegrambots.meta.api.methods.PartialBotApiMethod.deserializeResponseInternal(PartialBotApiMethod.java:54)
	at org.telegram.telegrambots.meta.api.methods.PartialBotApiMethod.deserializeResponseArray(PartialBotApiMethod.java:39)
	at org.telegram.telegrambots.meta.api.methods.updates.GetUpdates.deserializeResponse(GetUpdates.java:83)
	at org.telegram.telegrambots.updatesreceivers.DefaultBotSession$ReaderThread.getUpdatesFromServer(DefaultBotSession.java:258)
	at org.telegram.telegrambots.updatesreceivers.DefaultBotSession$ReaderThread.run(DefaultBotSession.java:188)
2025-10-02 12:45:01 [js_mai_bot Telegram Connection] ERROR o.t.t.u.DefaultBotSession - Error executing org.telegram.telegrambots.meta.api.methods.updates.GetUpdates query: [409] Conflict: terminated by other getUpdates request; make sure that only one bot instance is running
org.telegram.telegrambots.meta.exceptions.TelegramApiRequestException: Error executing org.telegram.telegrambots.meta.api.methods.updates.GetUpdates query: [409] Conflict: terminated by other getUpdates request; make sure that only one bot instance is running
	at org.telegram.telegrambots.meta.api.methods.PartialBotApiMethod.deserializeResponseInternal(PartialBotApiMethod.java:54)
	at org.telegram.telegrambots.meta.api.methods.PartialBotApiMethod.deserializeResponseArray(PartialBotApiMethod.java:39)
	at org.telegram.telegrambots.meta.api.methods.updates.GetUpdates.deserializeResponse(GetUpdates.java:83)
	at org.telegram.telegrambots.updatesreceivers.DefaultBotSession$ReaderThread.getUpdatesFromServer(DefaultBotSession.java:258)
	at org.telegram.telegrambots.updatesreceivers.DefaultBotSession$ReaderThread.run(DefaultBotSession.java:188)
2025-10-02 12:45:05 [js_mai_bot Telegram Connection] ERROR o.t.t.u.DefaultBotSession - Error executing org.telegram.telegrambots.meta.api.methods.updates.GetUpdates query: [409] Conflict: terminated by other getUpdates request; make sure that only one bot instance is running
org.telegram.telegrambots.meta.exceptions.TelegramApiRequestException: Error executing org.telegram.telegrambots.meta.api.methods.updates.GetUpdates query: [409] Conflict: terminated by other getUpdates request; make sure that only one bot instance is running
	at org.telegram.telegrambots.meta.api.methods.PartialBotApiMethod.deserializeResponseInternal(PartialBotApiMethod.java:54)
	at org.telegram.telegrambots.meta.api.methods.PartialBotApiMethod.deserializeResponseArray(PartialBotApiMethod.java:39)
	at org.telegram.telegrambots.meta.api.methods.updates.GetUpdates.deserializeResponse(GetUpdates.java:83)
	at org.telegram.telegrambots.updatesreceivers.DefaultBotSession$ReaderThread.getUpdatesFromServer(DefaultBotSession.java:258)
	at org.telegram.telegrambots.updatesreceivers.DefaultBotSession$ReaderThread.run(DefaultBotSession.java:188)
2025-10-02 12:45:09 [js_mai_bot Telegram Connection] ERROR o.t.t.u.DefaultBotSession - Error executing org.telegram.telegrambots.meta.api.methods.updates.GetUpdates query: [409] Conflict: terminated by other getUpdates request; make sure that only one bot instance is running
org.telegram.telegrambots.meta.exceptions.TelegramApiRequestException: Error executing org.telegram.telegrambots.meta.api.methods.updates.GetUpdates query: [409] Conflict: terminated by other getUpdates request; make sure that only one bot instance is running
	at org.telegram.telegrambots.meta.api.methods.PartialBotApiMethod.deserializeResponseInternal(PartialBotApiMethod.java:54)
	at org.telegram.telegrambots.meta.api.methods.PartialBotApiMethod.deserializeResponseArray(PartialBotApiMethod.java:39)
	at org.telegram.telegrambots.meta.api.methods.updates.GetUpdates.deserializeResponse(GetUpdates.java:83)
	at org.telegram.telegrambots.updatesreceivers.DefaultBotSession$ReaderThread.getUpdatesFromServer(DefaultBotSession.java:258)
	at org.telegram.telegrambots.updatesreceivers.DefaultBotSession$ReaderThread.run(DefaultBotSession.java:188)
2025-10-02 12:45:14 [js_mai_bot Telegram Connection] ERROR o.t.t.u.DefaultBotSession - Error executing org.telegram.telegrambots.meta.api.methods.updates.GetUpdates query: [409] Conflict: terminated by other getUpdates request; make sure that only one bot instance is running
org.telegram.telegrambots.meta.exceptions.TelegramApiRequestException: Error executing org.telegram.telegrambots.meta.api.methods.updates.GetUpdates query: [409] Conflict: terminated by other getUpdates request; make sure that only one bot instance is running
	at org.telegram.telegrambots.meta.api.methods.PartialBotApiMethod.deserializeResponseInternal(PartialBotApiMethod.java:54)
	at org.telegram.telegrambots.meta.api.methods.PartialBotApiMethod.deserializeResponseArray(PartialBotApiMethod.java:39)
	at org.telegram.telegrambots.meta.api.methods.updates.GetUpdates.deserializeResponse(GetUpdates.java:83)
	at org.telegram.telegrambots.updatesreceivers.DefaultBotSession$ReaderThread.getUpdatesFromServer(DefaultBotSession.java:258)
	at org.telegram.telegrambots.updatesreceivers.DefaultBotSession$ReaderThread.run(DefaultBotSession.java:188)
2025-10-02 13:45:57 [main] INFO  r.g.a.AssistantTelegramApplication - Starting AssistantTelegramApplication using Java 17.0.12 with PID 4432 (C:\Users\user\IdeaProjects\RepairAIAssistant\assistant-telegram\target\classes started by user in C:\Users\user\IdeaProjects\RepairAIAssistant\assistant-telegram)
2025-10-02 13:45:57 [main] DEBUG r.g.a.AssistantTelegramApplication - Running with Spring Boot v3.5.4, Spring v6.2.9
2025-10-02 13:45:57 [main] INFO  r.g.a.AssistantTelegramApplication - No active profile set, falling back to 1 default profile: "default"
2025-10-02 13:45:58 [main] INFO  o.s.b.w.e.tomcat.TomcatWebServer - Tomcat initialized with port 8082 (http)
2025-10-02 13:45:58 [main] INFO  o.a.catalina.core.StandardService - Starting service [Tomcat]
2025-10-02 13:45:58 [main] INFO  o.a.catalina.core.StandardEngine - Starting Servlet engine: [Apache Tomcat/10.1.43]
2025-10-02 13:45:58 [main] INFO  o.a.c.c.C.[Tomcat].[localhost].[/] - Initializing Spring embedded WebApplicationContext
2025-10-02 13:45:58 [main] INFO  o.s.b.w.s.c.ServletWebServerApplicationContext - Root WebApplicationContext: initialization completed in 639 ms
2025-10-02 13:45:58 [main] INFO  r.g.a.config.BotConfig - Попытка 1 регистрации Telegram бота...
2025-10-02 13:45:59 [main] INFO  r.g.a.config.BotConfig - Telegram бот успешно зарегистрирован
2025-10-02 13:45:59 [main] INFO  o.s.b.w.e.tomcat.TomcatWebServer - Tomcat started on port 8082 (http) with context path '/'
2025-10-02 13:45:59 [main] INFO  r.g.a.AssistantTelegramApplication - Started AssistantTelegramApplication in 1.89 seconds (process running for 2.103)
2025-10-02 13:45:59 [main] INFO  r.g.a.AssistantTelegramApplication - ? Telegram Bot запущен на порту 8082
2025-10-02 13:45:59 [main] INFO  r.g.a.AssistantTelegramApplication - ? Bot подключен к Telegram API
2025-10-02 13:52:39 [main] INFO  r.g.a.AssistantTelegramApplication - Starting AssistantTelegramApplication using Java 17.0.12 with PID 21028 (C:\Users\user\IdeaProjects\RepairAIAssistant\assistant-telegram\target\classes started by user in C:\Users\user\IdeaProjects\RepairAIAssistant\assistant-telegram)
2025-10-02 13:52:39 [main] DEBUG r.g.a.AssistantTelegramApplication - Running with Spring Boot v3.5.4, Spring v6.2.9
2025-10-02 13:52:39 [main] INFO  r.g.a.AssistantTelegramApplication - No active profile set, falling back to 1 default profile: "default"
2025-10-02 13:52:40 [main] INFO  o.s.b.w.e.tomcat.TomcatWebServer - Tomcat initialized with port 8082 (http)
2025-10-02 13:52:40 [main] INFO  o.a.catalina.core.StandardService - Starting service [Tomcat]
2025-10-02 13:52:40 [main] INFO  o.a.catalina.core.StandardEngine - Starting Servlet engine: [Apache Tomcat/10.1.43]
2025-10-02 13:52:40 [main] INFO  o.a.c.c.C.[Tomcat].[localhost].[/] - Initializing Spring embedded WebApplicationContext
2025-10-02 13:52:40 [main] INFO  o.s.b.w.s.c.ServletWebServerApplicationContext - Root WebApplicationContext: initialization completed in 934 ms
2025-10-02 13:52:40 [main] INFO  r.g.a.config.BotConfig - Попытка 1 регистрации Telegram бота...
2025-10-02 13:52:41 [main] INFO  r.g.a.config.BotConfig - Telegram бот успешно зарегистрирован
2025-10-02 13:52:41 [main] INFO  o.s.b.w.e.tomcat.TomcatWebServer - Tomcat started on port 8082 (http) with context path '/'
2025-10-02 13:52:41 [main] INFO  r.g.a.AssistantTelegramApplication - Started AssistantTelegramApplication in 2.513 seconds (process running for 2.809)
2025-10-02 13:52:41 [main] INFO  r.g.a.AssistantTelegramApplication - ? Telegram Bot запущен на порту 8082
2025-10-02 13:52:41 [main] INFO  r.g.a.AssistantTelegramApplication - ? Bot подключен к Telegram API
2025-10-02 13:57:32 [main] INFO  r.g.a.AssistantTelegramApplication - Starting AssistantTelegramApplication using Java 17.0.12 with PID 17352 (C:\Users\user\IdeaProjects\RepairAIAssistant\assistant-telegram\target\classes started by user in C:\Users\user\IdeaProjects\RepairAIAssistant\assistant-telegram)
2025-10-02 13:57:32 [main] DEBUG r.g.a.AssistantTelegramApplication - Running with Spring Boot v3.5.4, Spring v6.2.9
2025-10-02 13:57:32 [main] INFO  r.g.a.AssistantTelegramApplication - No active profile set, falling back to 1 default profile: "default"
2025-10-02 13:57:33 [main] INFO  o.s.b.w.e.tomcat.TomcatWebServer - Tomcat initialized with port 8082 (http)
2025-10-02 13:57:33 [main] INFO  o.a.catalina.core.StandardService - Starting service [Tomcat]
2025-10-02 13:57:33 [main] INFO  o.a.catalina.core.StandardEngine - Starting Servlet engine: [Apache Tomcat/10.1.43]
2025-10-02 13:57:33 [main] INFO  o.a.c.c.C.[Tomcat].[localhost].[/] - Initializing Spring embedded WebApplicationContext
2025-10-02 13:57:33 [main] INFO  o.s.b.w.s.c.ServletWebServerApplicationContext - Root WebApplicationContext: initialization completed in 810 ms
2025-10-02 13:57:33 [main] INFO  r.g.a.config.BotConfig - Попытка 1 регистрации Telegram бота...
2025-10-02 13:57:34 [main] INFO  r.g.a.config.BotConfig - Telegram бот успешно зарегистрирован
2025-10-02 13:57:34 [main] INFO  o.s.b.w.e.tomcat.TomcatWebServer - Tomcat started on port 8082 (http) with context path '/'
2025-10-02 13:57:34 [main] INFO  r.g.a.AssistantTelegramApplication - Started AssistantTelegramApplication in 2.304 seconds (process running for 2.582)
2025-10-02 13:57:34 [main] INFO  r.g.a.AssistantTelegramApplication - ? Telegram Bot запущен на порту 8082
2025-10-02 13:57:34 [main] INFO  r.g.a.AssistantTelegramApplication - ? Bot подключен к Telegram API
2025-10-02 13:58:42 [main] INFO  r.g.a.AssistantTelegramApplication - Starting AssistantTelegramApplication using Java 17.0.12 with PID 18780 (C:\Users\user\IdeaProjects\RepairAIAssistant\assistant-telegram\target\classes started by user in C:\Users\user\IdeaProjects\RepairAIAssistant\assistant-telegram)
2025-10-02 13:58:42 [main] DEBUG r.g.a.AssistantTelegramApplication - Running with Spring Boot v3.5.4, Spring v6.2.9
2025-10-02 13:58:42 [main] INFO  r.g.a.AssistantTelegramApplication - No active profile set, falling back to 1 default profile: "default"
2025-10-02 13:58:43 [main] INFO  o.s.b.w.e.tomcat.TomcatWebServer - Tomcat initialized with port 8082 (http)
2025-10-02 13:58:43 [main] INFO  o.a.catalina.core.StandardService - Starting service [Tomcat]
2025-10-02 13:58:43 [main] INFO  o.a.catalina.core.StandardEngine - Starting Servlet engine: [Apache Tomcat/10.1.43]
2025-10-02 13:58:43 [main] INFO  o.a.c.c.C.[Tomcat].[localhost].[/] - Initializing Spring embedded WebApplicationContext
2025-10-02 13:58:43 [main] INFO  o.s.b.w.s.c.ServletWebServerApplicationContext - Root WebApplicationContext: initialization completed in 810 ms
2025-10-02 13:58:43 [main] INFO  r.g.a.config.BotConfig - Попытка 1 регистрации Telegram бота...
2025-10-02 13:58:44 [main] INFO  r.g.a.config.BotConfig - Telegram бот успешно зарегистрирован
2025-10-02 13:58:44 [main] INFO  o.s.b.w.e.tomcat.TomcatWebServer - Tomcat started on port 8082 (http) with context path '/'
2025-10-02 13:58:44 [main] INFO  r.g.a.AssistantTelegramApplication - Started AssistantTelegramApplication in 2.348 seconds (process running for 2.615)
2025-10-02 13:58:44 [main] INFO  r.g.a.AssistantTelegramApplication - ? Telegram Bot запущен на порту 8082
2025-10-02 13:58:44 [main] INFO  r.g.a.AssistantTelegramApplication - ? Bot подключен к Telegram API
