2025-08-23 18:36:55 [main] INFO  r.g.a.AssistantWebApplication - Starting AssistantWebApplication using Java 17.0.12 with PID 11484 (C:\Users\user\IdeaProjects\RepairAIAssistant\assistant-web\target\classes started by user in C:\Users\user\IdeaProjects\RepairAIAssistant\assistant-web)
2025-08-23 18:36:55 [main] DEBUG r.g.a.AssistantWebApplication - Running with Spring Boot v3.5.4, Spring v6.2.9
2025-08-23 18:36:55 [main] INFO  r.g.a.AssistantWebApplication - No active profile set, falling back to 1 default profile: "default"
2025-08-23 18:36:56 [main] INFO  o.s.b.w.e.tomcat.TomcatWebServer - Tomcat initialized with port 8081 (http)
2025-08-23 18:36:56 [main] INFO  o.a.catalina.core.StandardService - Starting service [Tomcat]
2025-08-23 18:36:56 [main] INFO  o.a.catalina.core.StandardEngine - Starting Servlet engine: [Apache Tomcat/10.1.43]
2025-08-23 18:36:56 [main] INFO  o.a.c.c.C.[Tomcat].[localhost].[/] - Initializing Spring embedded WebApplicationContext
2025-08-23 18:36:56 [main] INFO  o.s.b.w.s.c.ServletWebServerApplicationContext - Root WebApplicationContext: initialization completed in 587 ms
2025-08-23 18:36:56 [main] INFO  o.s.b.a.w.s.WelcomePageHandlerMapping - Adding welcome page template: index
2025-08-23 18:36:56 [main] INFO  o.s.b.w.e.tomcat.TomcatWebServer - Tomcat started on port 8081 (http) with context path '/'
2025-08-23 18:36:56 [main] INFO  r.g.a.AssistantWebApplication - Started AssistantWebApplication in 1.254 seconds (process running for 1.438)
2025-08-23 18:36:56 [http-nio-8081-exec-1] INFO  o.a.c.c.C.[Tomcat].[localhost].[/] - Initializing Spring DispatcherServlet 'dispatcherServlet'
2025-08-23 18:36:56 [http-nio-8081-exec-1] INFO  o.s.web.servlet.DispatcherServlet - Initializing Servlet 'dispatcherServlet'
2025-08-23 18:36:56 [http-nio-8081-exec-1] INFO  o.s.web.servlet.DispatcherServlet - Completed initialization in 1 ms
2025-08-23 18:41:12 [main] INFO  r.g.a.AssistantWebApplication - Starting AssistantWebApplication using Java 17.0.12 with PID 3676 (C:\Users\user\IdeaProjects\RepairAIAssistant\assistant-web\target\classes started by user in C:\Users\user\IdeaProjects\RepairAIAssistant\assistant-web)
2025-08-23 18:41:12 [main] DEBUG r.g.a.AssistantWebApplication - Running with Spring Boot v3.5.4, Spring v6.2.9
2025-08-23 18:41:12 [main] INFO  r.g.a.AssistantWebApplication - No active profile set, falling back to 1 default profile: "default"
2025-08-23 18:41:13 [main] INFO  o.s.b.w.e.tomcat.TomcatWebServer - Tomcat initialized with port 8081 (http)
2025-08-23 18:41:13 [main] INFO  o.a.catalina.core.StandardService - Starting service [Tomcat]
2025-08-23 18:41:13 [main] INFO  o.a.catalina.core.StandardEngine - Starting Servlet engine: [Apache Tomcat/10.1.43]
2025-08-23 18:41:13 [main] INFO  o.a.c.c.C.[Tomcat].[localhost].[/] - Initializing Spring embedded WebApplicationContext
2025-08-23 18:41:13 [main] INFO  o.s.b.w.s.c.ServletWebServerApplicationContext - Root WebApplicationContext: initialization completed in 579 ms
2025-08-23 18:41:13 [main] INFO  o.s.b.a.w.s.WelcomePageHandlerMapping - Adding welcome page template: index
2025-08-23 18:41:13 [main] INFO  o.s.b.w.e.tomcat.TomcatWebServer - Tomcat started on port 8081 (http) with context path '/'
2025-08-23 18:41:13 [main] INFO  r.g.a.AssistantWebApplication - Started AssistantWebApplication in 1.268 seconds (process running for 1.451)
2025-08-23 18:41:13 [http-nio-8081-exec-1] INFO  o.a.c.c.C.[Tomcat].[localhost].[/] - Initializing Spring DispatcherServlet 'dispatcherServlet'
2025-08-23 18:41:13 [http-nio-8081-exec-1] INFO  o.s.web.servlet.DispatcherServlet - Initializing Servlet 'dispatcherServlet'
2025-08-23 18:41:13 [http-nio-8081-exec-1] INFO  o.s.web.servlet.DispatcherServlet - Completed initialization in 1 ms
2025-08-23 18:43:51 [main] INFO  r.g.a.AssistantWebApplication - Starting AssistantWebApplication using Java 17.0.12 with PID 9584 (C:\Users\user\IdeaProjects\RepairAIAssistant\assistant-web\target\classes started by user in C:\Users\user\IdeaProjects\RepairAIAssistant\assistant-web)
2025-08-23 18:43:51 [main] DEBUG r.g.a.AssistantWebApplication - Running with Spring Boot v3.5.4, Spring v6.2.9
2025-08-23 18:43:51 [main] INFO  r.g.a.AssistantWebApplication - No active profile set, falling back to 1 default profile: "default"
2025-08-23 18:43:52 [main] INFO  o.s.b.w.e.tomcat.TomcatWebServer - Tomcat initialized with port 8081 (http)
2025-08-23 18:43:52 [main] INFO  o.a.catalina.core.StandardService - Starting service [Tomcat]
2025-08-23 18:43:52 [main] INFO  o.a.catalina.core.StandardEngine - Starting Servlet engine: [Apache Tomcat/10.1.43]
2025-08-23 18:43:52 [main] INFO  o.a.c.c.C.[Tomcat].[localhost].[/] - Initializing Spring embedded WebApplicationContext
2025-08-23 18:43:52 [main] INFO  o.s.b.w.s.c.ServletWebServerApplicationContext - Root WebApplicationContext: initialization completed in 582 ms
2025-08-23 18:43:52 [main] INFO  o.s.b.a.w.s.WelcomePageHandlerMapping - Adding welcome page template: index
2025-08-23 18:43:52 [main] INFO  o.s.b.w.e.tomcat.TomcatWebServer - Tomcat started on port 8081 (http) with context path '/'
2025-08-23 18:43:52 [main] INFO  r.g.a.AssistantWebApplication - Started AssistantWebApplication in 1.209 seconds (process running for 1.387)
2025-08-23 18:43:52 [http-nio-8081-exec-1] INFO  o.a.c.c.C.[Tomcat].[localhost].[/] - Initializing Spring DispatcherServlet 'dispatcherServlet'
2025-08-23 18:43:52 [http-nio-8081-exec-1] INFO  o.s.web.servlet.DispatcherServlet - Initializing Servlet 'dispatcherServlet'
2025-08-23 18:43:52 [http-nio-8081-exec-1] INFO  o.s.web.servlet.DispatcherServlet - Completed initialization in 1 ms
2025-08-23 18:52:05 [main] INFO  r.g.a.AssistantWebApplication - Starting AssistantWebApplication using Java 17.0.12 with PID 13604 (C:\Users\user\IdeaProjects\RepairAIAssistant\assistant-web\target\classes started by user in C:\Users\user\IdeaProjects\RepairAIAssistant\assistant-web)
2025-08-23 18:52:05 [main] DEBUG r.g.a.AssistantWebApplication - Running with Spring Boot v3.5.4, Spring v6.2.9
2025-08-23 18:52:05 [main] INFO  r.g.a.AssistantWebApplication - No active profile set, falling back to 1 default profile: "default"
2025-08-23 18:52:06 [main] INFO  o.s.b.w.e.tomcat.TomcatWebServer - Tomcat initialized with port 8081 (http)
2025-08-23 18:52:06 [main] INFO  o.a.catalina.core.StandardService - Starting service [Tomcat]
2025-08-23 18:52:06 [main] INFO  o.a.catalina.core.StandardEngine - Starting Servlet engine: [Apache Tomcat/10.1.43]
2025-08-23 18:52:06 [main] INFO  o.a.c.c.C.[Tomcat].[localhost].[/] - Initializing Spring embedded WebApplicationContext
2025-08-23 18:52:06 [main] INFO  o.s.b.w.s.c.ServletWebServerApplicationContext - Root WebApplicationContext: initialization completed in 740 ms
2025-08-23 18:52:06 [main] INFO  o.s.b.a.w.s.WelcomePageHandlerMapping - Adding welcome page template: index
2025-08-23 18:52:06 [main] WARN  o.s.b.w.s.c.AnnotationConfigServletWebServerApplicationContext - Exception encountered during context initialization - cancelling refresh attempt: org.springframework.context.ApplicationContextException: Failed to start bean 'webServerStartStop'
2025-08-23 18:52:06 [main] INFO  o.s.b.a.l.ConditionEvaluationReportLogger - 

Error starting ApplicationContext. To display the condition evaluation report re-run your application with 'debug' enabled.
2025-08-23 18:52:06 [main] ERROR o.s.b.d.LoggingFailureAnalysisReporter - 

***************************
APPLICATION FAILED TO START
***************************

Description:

Web server failed to start. Port 8081 was already in use.

Action:

Identify and stop the process that's listening on port 8081 or configure this application to listen on another port.

2025-08-23 18:52:54 [main] INFO  r.g.a.AssistantWebApplication - Starting AssistantWebApplication using Java 17.0.12 with PID 5904 (C:\Users\user\IdeaProjects\RepairAIAssistant\assistant-web\target\classes started by user in C:\Users\user\IdeaProjects\RepairAIAssistant\assistant-web)
2025-08-23 18:52:54 [main] DEBUG r.g.a.AssistantWebApplication - Running with Spring Boot v3.5.4, Spring v6.2.9
2025-08-23 18:52:54 [main] INFO  r.g.a.AssistantWebApplication - No active profile set, falling back to 1 default profile: "default"
2025-08-23 18:52:55 [main] INFO  o.s.b.w.e.tomcat.TomcatWebServer - Tomcat initialized with port 8081 (http)
2025-08-23 18:52:55 [main] INFO  o.a.catalina.core.StandardService - Starting service [Tomcat]
2025-08-23 18:52:55 [main] INFO  o.a.catalina.core.StandardEngine - Starting Servlet engine: [Apache Tomcat/10.1.43]
2025-08-23 18:52:55 [main] INFO  o.a.c.c.C.[Tomcat].[localhost].[/] - Initializing Spring embedded WebApplicationContext
2025-08-23 18:52:55 [main] INFO  o.s.b.w.s.c.ServletWebServerApplicationContext - Root WebApplicationContext: initialization completed in 586 ms
2025-08-23 18:52:55 [main] INFO  o.s.b.a.w.s.WelcomePageHandlerMapping - Adding welcome page template: index
2025-08-23 18:52:55 [main] INFO  o.s.b.w.e.tomcat.TomcatWebServer - Tomcat started on port 8081 (http) with context path '/'
2025-08-23 18:52:55 [main] INFO  r.g.a.AssistantWebApplication - Started AssistantWebApplication in 1.234 seconds (process running for 1.42)
2025-08-23 18:52:55 [http-nio-8081-exec-1] INFO  o.a.c.c.C.[Tomcat].[localhost].[/] - Initializing Spring DispatcherServlet 'dispatcherServlet'
2025-08-23 18:52:55 [http-nio-8081-exec-1] INFO  o.s.web.servlet.DispatcherServlet - Initializing Servlet 'dispatcherServlet'
2025-08-23 18:52:55 [http-nio-8081-exec-1] INFO  o.s.web.servlet.DispatcherServlet - Completed initialization in 1 ms
2025-08-23 18:58:31 [main] INFO  r.g.a.AssistantWebApplication - Starting AssistantWebApplication using Java 17.0.12 with PID 9572 (C:\Users\user\IdeaProjects\RepairAIAssistant\assistant-web\target\classes started by user in C:\Users\user\IdeaProjects\RepairAIAssistant\assistant-web)
2025-08-23 18:58:31 [main] DEBUG r.g.a.AssistantWebApplication - Running with Spring Boot v3.5.4, Spring v6.2.9
2025-08-23 18:58:31 [main] INFO  r.g.a.AssistantWebApplication - No active profile set, falling back to 1 default profile: "default"
2025-08-23 18:58:32 [main] INFO  o.s.b.w.e.tomcat.TomcatWebServer - Tomcat initialized with port 8081 (http)
2025-08-23 18:58:32 [main] INFO  o.a.catalina.core.StandardService - Starting service [Tomcat]
2025-08-23 18:58:32 [main] INFO  o.a.catalina.core.StandardEngine - Starting Servlet engine: [Apache Tomcat/10.1.43]
2025-08-23 18:58:32 [main] INFO  o.a.c.c.C.[Tomcat].[localhost].[/] - Initializing Spring embedded WebApplicationContext
2025-08-23 18:58:32 [main] INFO  o.s.b.w.s.c.ServletWebServerApplicationContext - Root WebApplicationContext: initialization completed in 593 ms
2025-08-23 18:58:32 [main] INFO  o.s.b.a.w.s.WelcomePageHandlerMapping - Adding welcome page template: index
2025-08-23 18:58:32 [main] INFO  o.s.b.w.e.tomcat.TomcatWebServer - Tomcat started on port 8081 (http) with context path '/'
2025-08-23 18:58:32 [main] INFO  r.g.a.AssistantWebApplication - Started AssistantWebApplication in 1.239 seconds (process running for 1.429)
2025-08-23 18:58:32 [http-nio-8081-exec-1] INFO  o.a.c.c.C.[Tomcat].[localhost].[/] - Initializing Spring DispatcherServlet 'dispatcherServlet'
2025-08-23 18:58:32 [http-nio-8081-exec-1] INFO  o.s.web.servlet.DispatcherServlet - Initializing Servlet 'dispatcherServlet'
2025-08-23 18:58:32 [http-nio-8081-exec-1] INFO  o.s.web.servlet.DispatcherServlet - Completed initialization in 1 ms
2025-08-23 19:02:36 [main] INFO  r.g.a.AssistantWebApplication - Starting AssistantWebApplication using Java 17.0.12 with PID 16044 (C:\Users\user\IdeaProjects\RepairAIAssistant\assistant-web\target\classes started by user in C:\Users\user\IdeaProjects\RepairAIAssistant\assistant-web)
2025-08-23 19:02:36 [main] DEBUG r.g.a.AssistantWebApplication - Running with Spring Boot v3.5.4, Spring v6.2.9
2025-08-23 19:02:36 [main] INFO  r.g.a.AssistantWebApplication - No active profile set, falling back to 1 default profile: "default"
2025-08-23 19:02:37 [main] INFO  o.s.b.w.e.tomcat.TomcatWebServer - Tomcat initialized with port 8081 (http)
2025-08-23 19:02:37 [main] INFO  o.a.catalina.core.StandardService - Starting service [Tomcat]
2025-08-23 19:02:37 [main] INFO  o.a.catalina.core.StandardEngine - Starting Servlet engine: [Apache Tomcat/10.1.43]
2025-08-23 19:02:37 [main] INFO  o.a.c.c.C.[Tomcat].[localhost].[/] - Initializing Spring embedded WebApplicationContext
2025-08-23 19:02:37 [main] INFO  o.s.b.w.s.c.ServletWebServerApplicationContext - Root WebApplicationContext: initialization completed in 725 ms
2025-08-23 19:02:37 [main] INFO  o.s.b.a.w.s.WelcomePageHandlerMapping - Adding welcome page template: index
2025-08-23 19:02:37 [main] INFO  o.s.b.w.e.tomcat.TomcatWebServer - Tomcat started on port 8081 (http) with context path '/'
2025-08-23 19:02:37 [main] INFO  r.g.a.AssistantWebApplication - Started AssistantWebApplication in 1.418 seconds (process running for 1.619)
2025-08-23 19:02:37 [http-nio-8081-exec-1] INFO  o.a.c.c.C.[Tomcat].[localhost].[/] - Initializing Spring DispatcherServlet 'dispatcherServlet'
2025-08-23 19:02:37 [http-nio-8081-exec-1] INFO  o.s.web.servlet.DispatcherServlet - Initializing Servlet 'dispatcherServlet'
2025-08-23 19:02:37 [http-nio-8081-exec-1] INFO  o.s.web.servlet.DispatcherServlet - Completed initialization in 0 ms
2025-08-23 19:08:10 [main] INFO  r.g.a.AssistantWebApplication - Starting AssistantWebApplication using Java 17.0.12 with PID 4984 (C:\Users\user\IdeaProjects\RepairAIAssistant\assistant-web\target\classes started by user in C:\Users\user\IdeaProjects\RepairAIAssistant\assistant-web)
2025-08-23 19:08:10 [main] DEBUG r.g.a.AssistantWebApplication - Running with Spring Boot v3.5.4, Spring v6.2.9
2025-08-23 19:08:10 [main] INFO  r.g.a.AssistantWebApplication - No active profile set, falling back to 1 default profile: "default"
2025-08-23 19:08:11 [main] INFO  o.s.b.w.e.tomcat.TomcatWebServer - Tomcat initialized with port 8081 (http)
2025-08-23 19:08:11 [main] INFO  o.a.catalina.core.StandardService - Starting service [Tomcat]
2025-08-23 19:08:11 [main] INFO  o.a.catalina.core.StandardEngine - Starting Servlet engine: [Apache Tomcat/10.1.43]
2025-08-23 19:08:11 [main] INFO  o.a.c.c.C.[Tomcat].[localhost].[/] - Initializing Spring embedded WebApplicationContext
2025-08-23 19:08:11 [main] INFO  o.s.b.w.s.c.ServletWebServerApplicationContext - Root WebApplicationContext: initialization completed in 771 ms
2025-08-23 19:08:11 [main] INFO  o.s.b.a.w.s.WelcomePageHandlerMapping - Adding welcome page template: index
2025-08-23 19:08:11 [main] WARN  o.s.b.w.s.c.AnnotationConfigServletWebServerApplicationContext - Exception encountered during context initialization - cancelling refresh attempt: org.springframework.context.ApplicationContextException: Failed to start bean 'webServerStartStop'
2025-08-23 19:08:11 [main] INFO  o.s.b.a.l.ConditionEvaluationReportLogger - 

Error starting ApplicationContext. To display the condition evaluation report re-run your application with 'debug' enabled.
2025-08-23 19:08:11 [main] ERROR o.s.b.d.LoggingFailureAnalysisReporter - 

***************************
APPLICATION FAILED TO START
***************************

Description:

Web server failed to start. Port 8081 was already in use.

Action:

Identify and stop the process that's listening on port 8081 or configure this application to listen on another port.

2025-08-23 19:08:43 [main] INFO  r.g.a.AssistantWebApplication - Starting AssistantWebApplication using Java 17.0.12 with PID 8840 (C:\Users\user\IdeaProjects\RepairAIAssistant\assistant-web\target\classes started by user in C:\Users\user\IdeaProjects\RepairAIAssistant\assistant-web)
2025-08-23 19:08:43 [main] DEBUG r.g.a.AssistantWebApplication - Running with Spring Boot v3.5.4, Spring v6.2.9
2025-08-23 19:08:43 [main] INFO  r.g.a.AssistantWebApplication - No active profile set, falling back to 1 default profile: "default"
2025-08-23 19:08:44 [main] INFO  o.s.b.w.e.tomcat.TomcatWebServer - Tomcat initialized with port 8081 (http)
2025-08-23 19:08:44 [main] INFO  o.a.catalina.core.StandardService - Starting service [Tomcat]
2025-08-23 19:08:44 [main] INFO  o.a.catalina.core.StandardEngine - Starting Servlet engine: [Apache Tomcat/10.1.43]
2025-08-23 19:08:44 [main] INFO  o.a.c.c.C.[Tomcat].[localhost].[/] - Initializing Spring embedded WebApplicationContext
2025-08-23 19:08:44 [main] INFO  o.s.b.w.s.c.ServletWebServerApplicationContext - Root WebApplicationContext: initialization completed in 608 ms
2025-08-23 19:08:44 [main] INFO  o.s.b.a.w.s.WelcomePageHandlerMapping - Adding welcome page template: index
2025-08-23 19:08:44 [main] INFO  o.s.b.w.e.tomcat.TomcatWebServer - Tomcat started on port 8081 (http) with context path '/'
2025-08-23 19:08:44 [main] INFO  r.g.a.AssistantWebApplication - Started AssistantWebApplication in 1.237 seconds (process running for 1.418)
2025-08-23 19:08:44 [http-nio-8081-exec-1] INFO  o.a.c.c.C.[Tomcat].[localhost].[/] - Initializing Spring DispatcherServlet 'dispatcherServlet'
2025-08-23 19:08:44 [http-nio-8081-exec-1] INFO  o.s.web.servlet.DispatcherServlet - Initializing Servlet 'dispatcherServlet'
2025-08-23 19:08:44 [http-nio-8081-exec-1] INFO  o.s.web.servlet.DispatcherServlet - Completed initialization in 1 ms
2025-08-23 19:11:57 [main] INFO  r.g.a.AssistantWebApplication - Starting AssistantWebApplication using Java 17.0.12 with PID 11208 (C:\Users\user\IdeaProjects\RepairAIAssistant\assistant-web\target\classes started by user in C:\Users\user\IdeaProjects\RepairAIAssistant\assistant-web)
2025-08-23 19:11:57 [main] DEBUG r.g.a.AssistantWebApplication - Running with Spring Boot v3.5.4, Spring v6.2.9
2025-08-23 19:11:57 [main] INFO  r.g.a.AssistantWebApplication - No active profile set, falling back to 1 default profile: "default"
2025-08-23 19:11:58 [main] INFO  o.s.b.w.e.tomcat.TomcatWebServer - Tomcat initialized with port 8081 (http)
2025-08-23 19:11:58 [main] INFO  o.a.catalina.core.StandardService - Starting service [Tomcat]
2025-08-23 19:11:58 [main] INFO  o.a.catalina.core.StandardEngine - Starting Servlet engine: [Apache Tomcat/10.1.43]
2025-08-23 19:11:58 [main] INFO  o.a.c.c.C.[Tomcat].[localhost].[/] - Initializing Spring embedded WebApplicationContext
2025-08-23 19:11:58 [main] INFO  o.s.b.w.s.c.ServletWebServerApplicationContext - Root WebApplicationContext: initialization completed in 599 ms
2025-08-23 19:11:58 [main] INFO  o.s.b.a.w.s.WelcomePageHandlerMapping - Adding welcome page template: index
2025-08-23 19:11:58 [main] INFO  o.s.b.w.e.tomcat.TomcatWebServer - Tomcat started on port 8081 (http) with context path '/'
2025-08-23 19:11:58 [main] INFO  r.g.a.AssistantWebApplication - Started AssistantWebApplication in 1.248 seconds (process running for 1.441)
2025-08-23 19:11:58 [http-nio-8081-exec-2] INFO  o.a.c.c.C.[Tomcat].[localhost].[/] - Initializing Spring DispatcherServlet 'dispatcherServlet'
2025-08-23 19:11:58 [http-nio-8081-exec-2] INFO  o.s.web.servlet.DispatcherServlet - Initializing Servlet 'dispatcherServlet'
2025-08-23 19:11:58 [http-nio-8081-exec-2] INFO  o.s.web.servlet.DispatcherServlet - Completed initialization in 0 ms
2025-08-23 19:14:28 [main] INFO  r.g.a.AssistantWebApplication - Starting AssistantWebApplication using Java 17.0.12 with PID 9856 (C:\Users\user\IdeaProjects\RepairAIAssistant\assistant-web\target\classes started by user in C:\Users\user\IdeaProjects\RepairAIAssistant\assistant-web)
2025-08-23 19:14:28 [main] DEBUG r.g.a.AssistantWebApplication - Running with Spring Boot v3.5.4, Spring v6.2.9
2025-08-23 19:14:28 [main] INFO  r.g.a.AssistantWebApplication - No active profile set, falling back to 1 default profile: "default"
2025-08-23 19:14:29 [main] INFO  o.s.b.w.e.tomcat.TomcatWebServer - Tomcat initialized with port 8081 (http)
2025-08-23 19:14:29 [main] INFO  o.a.catalina.core.StandardService - Starting service [Tomcat]
2025-08-23 19:14:29 [main] INFO  o.a.catalina.core.StandardEngine - Starting Servlet engine: [Apache Tomcat/10.1.43]
2025-08-23 19:14:29 [main] INFO  o.a.c.c.C.[Tomcat].[localhost].[/] - Initializing Spring embedded WebApplicationContext
2025-08-23 19:14:29 [main] INFO  o.s.b.w.s.c.ServletWebServerApplicationContext - Root WebApplicationContext: initialization completed in 591 ms
2025-08-23 19:14:29 [main] INFO  o.s.b.a.w.s.WelcomePageHandlerMapping - Adding welcome page template: index
2025-08-23 19:14:29 [main] INFO  o.s.b.w.e.tomcat.TomcatWebServer - Tomcat started on port 8081 (http) with context path '/'
2025-08-23 19:14:29 [main] INFO  r.g.a.AssistantWebApplication - Started AssistantWebApplication in 1.241 seconds (process running for 1.422)
2025-08-23 19:14:29 [http-nio-8081-exec-1] INFO  o.a.c.c.C.[Tomcat].[localhost].[/] - Initializing Spring DispatcherServlet 'dispatcherServlet'
2025-08-23 19:14:29 [http-nio-8081-exec-1] INFO  o.s.web.servlet.DispatcherServlet - Initializing Servlet 'dispatcherServlet'
2025-08-23 19:14:29 [http-nio-8081-exec-1] INFO  o.s.web.servlet.DispatcherServlet - Completed initialization in 1 ms
