2025-08-15 15:24:48 [main] INFO  r.g.a.config.ResourcePathsTest - Starting ResourcePathsTest using Java 17.0.12 with PID 15028 (started by user in c:\Users\user\IdeaProjects\RepairAIAssistant\assistant-core)
2025-08-15 15:24:48 [main] DEBUG r.g.a.config.ResourcePathsTest - Running with Spring Boot v3.5.4, Spring v6.2.9
2025-08-15 15:24:48 [main] INFO  r.g.a.config.ResourcePathsTest - No active profile set, falling back to 1 default profile: "default"
2025-08-15 15:24:48 [main] INFO  o.s.d.r.c.RepositoryConfigurationDelegate - Bootstrapping Spring Data JPA repositories in DEFAULT mode.
2025-08-15 15:24:48 [main] INFO  o.s.d.r.c.RepositoryConfigurationDelegate - Finished Spring Data repository scanning in 40 ms. Found 5 JPA repository interfaces.
2025-08-15 15:24:49 [main] INFO  o.s.o.j.p.SpringPersistenceUnitInfo - No LoadTimeWeaver setup: ignoring JPA class transformer
2025-08-15 15:24:49 [main] INFO  com.zaxxer.hikari.HikariDataSource - HikariPool-1 - Starting...
2025-08-15 15:24:50 [main] INFO  com.zaxxer.hikari.pool.HikariPool - HikariPool-1 - Added connection com.mysql.cj.jdbc.ConnectionImpl@1c3d9e28
2025-08-15 15:24:50 [main] INFO  com.zaxxer.hikari.HikariDataSource - HikariPool-1 - Start completed.
2025-08-15 15:24:50 [main] WARN  org.hibernate.orm.deprecation - HHH90000025: MySQLDialect does not need to be specified explicitly using 'hibernate.dialect' (remove the property setting and it will be selected by default)
2025-08-15 15:24:51 [main] INFO  o.s.o.j.LocalContainerEntityManagerFactoryBean - Initialized JPA EntityManagerFactory for persistence unit 'default'
2025-08-15 15:24:51 [main] INFO  o.s.d.j.r.query.QueryEnhancerFactory - Hibernate is in classpath; If applicable, HQL parser will be used.
2025-08-15 15:24:52 [main] INFO  r.g.a.s.ResourceValidationService - ? Файл с инструкциями по ремонту найден: training/repair_instructions.json
2025-08-15 15:24:52 [main] INFO  r.g.a.s.ResourceValidationService - ? Файл с обучающими данными найден: training/query_training_data.jsonl
2025-08-15 15:24:52 [main] INFO  r.g.a.s.RepairInstructionsService - Загружено 5368 инструкций по ремонту
2025-08-15 15:24:52 [main] INFO  r.g.a.service.ModelTrainingService - Загружено 31 примеров для обучения
2025-08-15 15:24:52 [main] INFO  r.g.a.service.ModelTrainingService - Добавлено 10736 примеров из repair_instructions.json
2025-08-15 15:24:53 [main] INFO  r.g.a.service.ModelTrainingService - Добавлено 350 примеров из БД (в т.ч. 50 по утечкам)
2025-08-15 15:24:53 [main] INFO  r.g.a.s.OptimizedModelTrainingService - Инициализация оптимизированного сервиса обучения
2025-08-15 15:24:53 [main] INFO  r.g.a.s.OptimizedModelTrainingService - Обучение на 200 записях из БД
2025-08-15 15:24:53 [main] DEBUG r.g.a.service.OllamaService - Генерация ответа для промпта длиной: 64508 символов
2025-08-15 15:24:53 [main] DEBUG r.g.a.service.OllamaService - Получен ответ длиной: 48 символов
2025-08-15 15:24:53 [main] WARN  o.s.b.a.o.j.JpaBaseConfiguration$JpaWebConfiguration - spring.jpa.open-in-view is enabled by default. Therefore, database queries may be performed during view rendering. Explicitly configure spring.jpa.open-in-view to disable this warning
2025-08-15 15:24:54 [main] INFO  r.g.a.config.ResourcePathsTest - Started ResourcePathsTest in 6.694 seconds (process running for 7.54)
2025-08-15 15:24:54 [SpringApplicationShutdownHook] INFO  o.s.o.j.LocalContainerEntityManagerFactoryBean - Closing JPA EntityManagerFactory for persistence unit 'default'
2025-08-15 15:24:54 [SpringApplicationShutdownHook] INFO  com.zaxxer.hikari.HikariDataSource - HikariPool-1 - Shutdown initiated...
2025-08-15 15:24:54 [SpringApplicationShutdownHook] INFO  com.zaxxer.hikari.HikariDataSource - HikariPool-1 - Shutdown completed.
2025-08-15 15:33:22 [main] INFO  r.g.a.config.ResourcePathsTest - Starting ResourcePathsTest using Java 17.0.12 with PID 3100 (started by user in c:\Users\user\IdeaProjects\RepairAIAssistant\assistant-core)
2025-08-15 15:33:22 [main] DEBUG r.g.a.config.ResourcePathsTest - Running with Spring Boot v3.5.4, Spring v6.2.9
2025-08-15 15:33:22 [main] INFO  r.g.a.config.ResourcePathsTest - No active profile set, falling back to 1 default profile: "default"
2025-08-15 15:33:22 [main] INFO  o.s.d.r.c.RepositoryConfigurationDelegate - Bootstrapping Spring Data JPA repositories in DEFAULT mode.
2025-08-15 15:33:23 [main] INFO  o.s.d.r.c.RepositoryConfigurationDelegate - Finished Spring Data repository scanning in 36 ms. Found 5 JPA repository interfaces.
2025-08-15 15:33:24 [main] INFO  o.s.o.j.p.SpringPersistenceUnitInfo - No LoadTimeWeaver setup: ignoring JPA class transformer
2025-08-15 15:33:24 [main] INFO  com.zaxxer.hikari.HikariDataSource - HikariPool-1 - Starting...
2025-08-15 15:33:24 [main] INFO  com.zaxxer.hikari.pool.HikariPool - HikariPool-1 - Added connection com.mysql.cj.jdbc.ConnectionImpl@2e4d4d22
2025-08-15 15:33:24 [main] INFO  com.zaxxer.hikari.HikariDataSource - HikariPool-1 - Start completed.
2025-08-15 15:33:24 [main] WARN  org.hibernate.orm.deprecation - HHH90000025: MySQLDialect does not need to be specified explicitly using 'hibernate.dialect' (remove the property setting and it will be selected by default)
2025-08-15 15:33:25 [main] INFO  o.s.o.j.LocalContainerEntityManagerFactoryBean - Initialized JPA EntityManagerFactory for persistence unit 'default'
2025-08-15 15:33:25 [main] INFO  o.s.d.j.r.query.QueryEnhancerFactory - Hibernate is in classpath; If applicable, HQL parser will be used.
2025-08-15 15:33:26 [main] INFO  r.g.a.s.ResourceValidationService - ? Файл с инструкциями по ремонту найден: training/repair_instructions.json
2025-08-15 15:33:26 [main] INFO  r.g.a.s.ResourceValidationService - ? Файл с обучающими данными найден: training/query_training_data.jsonl
2025-08-15 15:33:26 [main] INFO  r.g.a.s.RepairInstructionsService - Загружено 5368 инструкций по ремонту
2025-08-15 15:33:26 [main] INFO  r.g.a.service.ModelTrainingService - Загружено 31 примеров для обучения
2025-08-15 15:33:26 [main] INFO  r.g.a.service.ModelTrainingService - Добавлено 10736 примеров из repair_instructions.json
2025-08-15 15:33:27 [main] INFO  r.g.a.service.ModelTrainingService - Добавлено 350 примеров из БД (в т.ч. 50 по утечкам)
2025-08-15 15:33:27 [main] INFO  r.g.a.s.OptimizedModelTrainingService - Инициализация оптимизированного сервиса обучения
2025-08-15 15:33:27 [main] INFO  r.g.a.s.OptimizedModelTrainingService - Обучение на 200 записях из БД
2025-08-15 15:33:27 [main] DEBUG r.g.a.service.OllamaService - Генерация ответа для промпта длиной: 64508 символов
2025-08-15 15:41:36 [main] INFO  r.g.a.config.OllamaConfigTest - Starting OllamaConfigTest using Java 17.0.12 with PID 15792 (started by user in c:\Users\user\IdeaProjects\RepairAIAssistant\assistant-core)
2025-08-15 15:41:36 [main] DEBUG r.g.a.config.OllamaConfigTest - Running with Spring Boot v3.5.4, Spring v6.2.9
2025-08-15 15:41:36 [main] INFO  r.g.a.config.OllamaConfigTest - No active profile set, falling back to 1 default profile: "default"
2025-08-15 15:41:37 [main] INFO  o.s.d.r.c.RepositoryConfigurationDelegate - Bootstrapping Spring Data JPA repositories in DEFAULT mode.
2025-08-15 15:41:37 [main] INFO  o.s.d.r.c.RepositoryConfigurationDelegate - Finished Spring Data repository scanning in 127 ms. Found 5 JPA repository interfaces.
2025-08-15 15:41:39 [main] INFO  o.s.o.j.p.SpringPersistenceUnitInfo - No LoadTimeWeaver setup: ignoring JPA class transformer
2025-08-15 15:41:39 [main] INFO  com.zaxxer.hikari.HikariDataSource - HikariPool-1 - Starting...
2025-08-15 15:41:39 [main] INFO  com.zaxxer.hikari.pool.HikariPool - HikariPool-1 - Added connection com.mysql.cj.jdbc.ConnectionImpl@6bc25ac2
2025-08-15 15:41:39 [main] INFO  com.zaxxer.hikari.HikariDataSource - HikariPool-1 - Start completed.
2025-08-15 15:41:40 [main] WARN  org.hibernate.orm.deprecation - HHH90000025: MySQLDialect does not need to be specified explicitly using 'hibernate.dialect' (remove the property setting and it will be selected by default)
2025-08-15 15:41:41 [main] INFO  o.s.o.j.LocalContainerEntityManagerFactoryBean - Initialized JPA EntityManagerFactory for persistence unit 'default'
2025-08-15 15:41:41 [main] WARN  o.s.w.c.s.GenericWebApplicationContext - Exception encountered during context initialization - cancelling refresh attempt: org.springframework.beans.factory.UnsatisfiedDependencyException: Error creating bean with name 'ollamaClient': Unsatisfied dependency expressed through field 'properties': No qualifying bean of type 'ru.georgdeveloper.assistantcore.config.AssistantProperties' available: expected single matching bean but found 2: assistantProperties,techno.assistant-ru.georgdeveloper.assistantcore.config.AssistantProperties
2025-08-15 15:41:41 [main] INFO  o.s.o.j.LocalContainerEntityManagerFactoryBean - Closing JPA EntityManagerFactory for persistence unit 'default'
2025-08-15 15:41:41 [main] INFO  com.zaxxer.hikari.HikariDataSource - HikariPool-1 - Shutdown initiated...
2025-08-15 15:41:41 [main] INFO  com.zaxxer.hikari.HikariDataSource - HikariPool-1 - Shutdown completed.
2025-08-15 15:41:41 [main] INFO  o.s.b.a.l.ConditionEvaluationReportLogger - 

Error starting ApplicationContext. To display the condition evaluation report re-run your application with 'debug' enabled.
2025-08-15 15:41:41 [main] ERROR o.s.b.d.LoggingFailureAnalysisReporter - 

***************************
APPLICATION FAILED TO START
***************************

Description:

Field properties in ru.georgdeveloper.assistantcore.client.OllamaClient required a single bean, but 2 were found:
	- assistantProperties: defined in file [C:\Users\user\IdeaProjects\RepairAIAssistant\assistant-core\target\classes\ru\georgdeveloper\assistantcore\config\AssistantProperties.class]
	- techno.assistant-ru.georgdeveloper.assistantcore.config.AssistantProperties: defined in unknown location

This may be due to missing parameter name information

Action:

Consider marking one of the beans as @Primary, updating the consumer to accept multiple beans, or using @Qualifier to identify the bean that should be consumed

Ensure that your compiler is configured to use the '-parameters' flag.
You may need to update both your build tool settings as well as your IDE.
(See https://github.com/spring-projects/spring-framework/wiki/Spring-Framework-6.1-Release-Notes#parameter-name-retention)


2025-08-15 15:41:41 [main] WARN  o.s.test.context.TestContextManager - Caught exception while allowing TestExecutionListener [org.springframework.test.context.web.ServletTestExecutionListener] to prepare test instance [ru.georgdeveloper.assistantcore.config.OllamaConfigTest@39007725]
java.lang.IllegalStateException: Failed to load ApplicationContext for [WebMergedContextConfiguration@136690b1 testClass = ru.georgdeveloper.assistantcore.config.OllamaConfigTest, locations = [], classes = [ru.georgdeveloper.assistantcore.AssistantCoreApplication], contextInitializerClasses = [], activeProfiles = [], propertySourceDescriptors = [], propertySourceProperties = ["org.springframework.boot.test.context.SpringBootTestContextBootstrapper=true"], contextCustomizers = [org.springframework.boot.test.context.filter.ExcludeFilterContextCustomizer@2f67a4d3, org.springframework.boot.test.json.DuplicateJsonObjectContextCustomizerFactory$DuplicateJsonObjectContextCustomizer@415b0b49, org.springframework.boot.test.mock.mockito.MockitoContextCustomizer@0, org.springframework.boot.test.web.client.TestRestTemplateContextCustomizer@60db1c0e, org.springframework.boot.test.web.reactor.netty.DisableReactorResourceFactoryGlobalResourcesContextCustomizerFactory$DisableReactorResourceFactoryGlobalResourcesContextCustomizerCustomizer@4b8729ff, org.springframework.boot.test.autoconfigure.OnFailureConditionReportContextCustomizerFactory$OnFailureConditionReportContextCustomizer@383dc82c, org.springframework.boot.test.autoconfigure.actuate.observability.ObservabilityContextCustomizerFactory$DisableObservabilityContextCustomizer@1f, org.springframework.boot.test.autoconfigure.properties.PropertyMappingContextCustomizer@0, org.springframework.boot.test.autoconfigure.web.servlet.WebDriverContextCustomizer@3cce57c7, org.springframework.test.context.support.DynamicPropertiesContextCustomizer@0, org.springframework.boot.test.context.SpringBootTestAnnotation@8d5f40f9], resourceBasePath = "src/main/webapp", contextLoader = org.springframework.boot.test.context.SpringBootContextLoader, parent = null]
	at org.springframework.test.context.cache.DefaultCacheAwareContextLoaderDelegate.loadContext(DefaultCacheAwareContextLoaderDelegate.java:180)
	at org.springframework.test.context.support.DefaultTestContext.getApplicationContext(DefaultTestContext.java:130)
	at org.springframework.test.context.web.ServletTestExecutionListener.setUpRequestContextIfNecessary(ServletTestExecutionListener.java:200)
	at org.springframework.test.context.web.ServletTestExecutionListener.prepareTestInstance(ServletTestExecutionListener.java:139)
	at org.springframework.test.context.TestContextManager.prepareTestInstance(TestContextManager.java:260)
	at org.springframework.test.context.junit.jupiter.SpringExtension.postProcessTestInstance(SpringExtension.java:159)
	at org.junit.jupiter.engine.descriptor.ClassBasedTestDescriptor.lambda$invokeTestInstancePostProcessors$10(ClassBasedTestDescriptor.java:383)
	at org.junit.jupiter.engine.descriptor.ClassBasedTestDescriptor.executeAndMaskThrowable(ClassBasedTestDescriptor.java:388)
	at org.junit.jupiter.engine.descriptor.ClassBasedTestDescriptor.lambda$invokeTestInstancePostProcessors$11(ClassBasedTestDescriptor.java:382)
	at java.base/java.util.stream.ForEachOps$ForEachOp$OfRef.accept(ForEachOps.java:183)
	at java.base/java.util.stream.ReferencePipeline$3$1.accept(ReferencePipeline.java:197)
	at java.base/java.util.stream.ReferencePipeline$2$1.accept(ReferencePipeline.java:179)
	at java.base/java.util.stream.ReferencePipeline$3$1.accept(ReferencePipeline.java:197)
	at java.base/java.util.ArrayList$ArrayListSpliterator.forEachRemaining(ArrayList.java:1625)
	at java.base/java.util.stream.AbstractPipeline.copyInto(AbstractPipeline.java:509)
	at java.base/java.util.stream.AbstractPipeline.wrapAndCopyInto(AbstractPipeline.java:499)
	at java.base/java.util.stream.ForEachOps$ForEachOp.evaluateSequential(ForEachOps.java:150)
	at java.base/java.util.stream.ForEachOps$ForEachOp$OfRef.evaluateSequential(ForEachOps.java:173)
	at java.base/java.util.stream.AbstractPipeline.evaluate(AbstractPipeline.java:234)
	at java.base/java.util.stream.ReferencePipeline.forEach(ReferencePipeline.java:596)
	at org.junit.jupiter.engine.descriptor.ClassBasedTestDescriptor.invokeTestInstancePostProcessors(ClassBasedTestDescriptor.java:382)
	at org.junit.jupiter.engine.descriptor.ClassBasedTestDescriptor.lambda$instantiateAndPostProcessTestInstance$6(ClassBasedTestDescriptor.java:293)
	at org.junit.platform.engine.support.hierarchical.ThrowableCollector.execute(ThrowableCollector.java:73)
	at org.junit.jupiter.engine.descriptor.ClassBasedTestDescriptor.instantiateAndPostProcessTestInstance(ClassBasedTestDescriptor.java:292)
	at org.junit.jupiter.engine.descriptor.ClassBasedTestDescriptor.lambda$testInstancesProvider$4(ClassBasedTestDescriptor.java:281)
	at java.base/java.util.Optional.orElseGet(Optional.java:364)
	at org.junit.jupiter.engine.descriptor.ClassBasedTestDescriptor.lambda$testInstancesProvider$5(ClassBasedTestDescriptor.java:280)
	at org.junit.jupiter.engine.execution.TestInstancesProvider.getTestInstances(TestInstancesProvider.java:27)
	at org.junit.jupiter.engine.descriptor.TestMethodTestDescriptor.lambda$prepare$0(TestMethodTestDescriptor.java:112)
	at org.junit.platform.engine.support.hierarchical.ThrowableCollector.execute(ThrowableCollector.java:73)
	at org.junit.jupiter.engine.descriptor.TestMethodTestDescriptor.prepare(TestMethodTestDescriptor.java:111)
	at org.junit.jupiter.engine.descriptor.TestMethodTestDescriptor.prepare(TestMethodTestDescriptor.java:69)
	at org.junit.platform.engine.support.hierarchical.NodeTestTask.lambda$prepare$2(NodeTestTask.java:128)
	at org.junit.platform.engine.support.hierarchical.ThrowableCollector.execute(ThrowableCollector.java:73)
	at org.junit.platform.engine.support.hierarchical.NodeTestTask.prepare(NodeTestTask.java:128)
	at org.junit.platform.engine.support.hierarchical.NodeTestTask.execute(NodeTestTask.java:95)
	at java.base/java.util.ArrayList.forEach(ArrayList.java:1511)
	at org.junit.platform.engine.support.hierarchical.SameThreadHierarchicalTestExecutorService.invokeAll(SameThreadHierarchicalTestExecutorService.java:41)
	at org.junit.platform.engine.support.hierarchical.NodeTestTask.lambda$executeRecursively$6(NodeTestTask.java:160)
	at org.junit.platform.engine.support.hierarchical.ThrowableCollector.execute(ThrowableCollector.java:73)
	at org.junit.platform.engine.support.hierarchical.NodeTestTask.lambda$executeRecursively$8(NodeTestTask.java:146)
	at org.junit.platform.engine.support.hierarchical.Node.around(Node.java:137)
	at org.junit.platform.engine.support.hierarchical.NodeTestTask.lambda$executeRecursively$9(NodeTestTask.java:144)
	at org.junit.platform.engine.support.hierarchical.ThrowableCollector.execute(ThrowableCollector.java:73)
	at org.junit.platform.engine.support.hierarchical.NodeTestTask.executeRecursively(NodeTestTask.java:143)
	at org.junit.platform.engine.support.hierarchical.NodeTestTask.execute(NodeTestTask.java:100)
	at java.base/java.util.ArrayList.forEach(ArrayList.java:1511)
	at org.junit.platform.engine.support.hierarchical.SameThreadHierarchicalTestExecutorService.invokeAll(SameThreadHierarchicalTestExecutorService.java:41)
	at org.junit.platform.engine.support.hierarchical.NodeTestTask.lambda$executeRecursively$6(NodeTestTask.java:160)
	at org.junit.platform.engine.support.hierarchical.ThrowableCollector.execute(ThrowableCollector.java:73)
	at org.junit.platform.engine.support.hierarchical.NodeTestTask.lambda$executeRecursively$8(NodeTestTask.java:146)
	at org.junit.platform.engine.support.hierarchical.Node.around(Node.java:137)
	at org.junit.platform.engine.support.hierarchical.NodeTestTask.lambda$executeRecursively$9(NodeTestTask.java:144)
	at org.junit.platform.engine.support.hierarchical.ThrowableCollector.execute(ThrowableCollector.java:73)
	at org.junit.platform.engine.support.hierarchical.NodeTestTask.executeRecursively(NodeTestTask.java:143)
	at org.junit.platform.engine.support.hierarchical.NodeTestTask.execute(NodeTestTask.java:100)
	at org.junit.platform.engine.support.hierarchical.SameThreadHierarchicalTestExecutorService.submit(SameThreadHierarchicalTestExecutorService.java:35)
	at org.junit.platform.engine.support.hierarchical.HierarchicalTestExecutor.execute(HierarchicalTestExecutor.java:57)
	at org.junit.platform.engine.support.hierarchical.HierarchicalTestEngine.execute(HierarchicalTestEngine.java:54)
	at org.junit.platform.launcher.core.EngineExecutionOrchestrator.execute(EngineExecutionOrchestrator.java:201)
	at org.junit.platform.launcher.core.EngineExecutionOrchestrator.execute(EngineExecutionOrchestrator.java:170)
	at org.junit.platform.launcher.core.EngineExecutionOrchestrator.execute(EngineExecutionOrchestrator.java:94)
	at org.junit.platform.launcher.core.EngineExecutionOrchestrator.lambda$execute$0(EngineExecutionOrchestrator.java:59)
	at org.junit.platform.launcher.core.EngineExecutionOrchestrator.withInterceptedStreams(EngineExecutionOrchestrator.java:142)
	at org.junit.platform.launcher.core.EngineExecutionOrchestrator.execute(EngineExecutionOrchestrator.java:58)
	at org.junit.platform.launcher.core.DefaultLauncher.execute(DefaultLauncher.java:103)
	at org.junit.platform.launcher.core.DefaultLauncher.execute(DefaultLauncher.java:85)
	at org.junit.platform.launcher.core.DelegatingLauncher.execute(DelegatingLauncher.java:47)
	at org.junit.platform.launcher.core.InterceptingLauncher.lambda$execute$1(InterceptingLauncher.java:39)
	at org.junit.platform.launcher.core.ClasspathAlignmentCheckingLauncherInterceptor.intercept(ClasspathAlignmentCheckingLauncherInterceptor.java:25)
	at org.junit.platform.launcher.core.InterceptingLauncher.execute(InterceptingLauncher.java:38)
	at org.junit.platform.launcher.core.DelegatingLauncher.execute(DelegatingLauncher.java:47)
	at org.apache.maven.surefire.junitplatform.LazyLauncher.execute(LazyLauncher.java:56)
	at org.apache.maven.surefire.junitplatform.JUnitPlatformProvider.execute(JUnitPlatformProvider.java:194)
	at org.apache.maven.surefire.junitplatform.JUnitPlatformProvider.invokeAllTests(JUnitPlatformProvider.java:150)
	at org.apache.maven.surefire.junitplatform.JUnitPlatformProvider.invoke(JUnitPlatformProvider.java:124)
	at org.apache.maven.surefire.booter.ForkedBooter.runSuitesInProcess(ForkedBooter.java:385)
	at org.apache.maven.surefire.booter.ForkedBooter.execute(ForkedBooter.java:162)
	at org.apache.maven.surefire.booter.ForkedBooter.run(ForkedBooter.java:507)
	at org.apache.maven.surefire.booter.ForkedBooter.main(ForkedBooter.java:495)
Caused by: org.springframework.beans.factory.UnsatisfiedDependencyException: Error creating bean with name 'ollamaClient': Unsatisfied dependency expressed through field 'properties': No qualifying bean of type 'ru.georgdeveloper.assistantcore.config.AssistantProperties' available: expected single matching bean but found 2: assistantProperties,techno.assistant-ru.georgdeveloper.assistantcore.config.AssistantProperties
	at org.springframework.beans.factory.annotation.AutowiredAnnotationBeanPostProcessor$AutowiredFieldElement.resolveFieldValue(AutowiredAnnotationBeanPostProcessor.java:788)
	at org.springframework.beans.factory.annotation.AutowiredAnnotationBeanPostProcessor$AutowiredFieldElement.inject(AutowiredAnnotationBeanPostProcessor.java:768)
	at org.springframework.beans.factory.annotation.InjectionMetadata.inject(InjectionMetadata.java:146)
	at org.springframework.beans.factory.annotation.AutowiredAnnotationBeanPostProcessor.postProcessProperties(AutowiredAnnotationBeanPostProcessor.java:509)
	at org.springframework.beans.factory.support.AbstractAutowireCapableBeanFactory.populateBean(AbstractAutowireCapableBeanFactory.java:1459)
	at org.springframework.beans.factory.support.AbstractAutowireCapableBeanFactory.doCreateBean(AbstractAutowireCapableBeanFactory.java:606)
	at org.springframework.beans.factory.support.AbstractAutowireCapableBeanFactory.createBean(AbstractAutowireCapableBeanFactory.java:529)
	at org.springframework.beans.factory.support.AbstractBeanFactory.lambda$doGetBean$0(AbstractBeanFactory.java:339)
	at org.springframework.beans.factory.support.DefaultSingletonBeanRegistry.getSingleton(DefaultSingletonBeanRegistry.java:373)
	at org.springframework.beans.factory.support.AbstractBeanFactory.doGetBean(AbstractBeanFactory.java:337)
	at org.springframework.beans.factory.support.AbstractBeanFactory.getBean(AbstractBeanFactory.java:202)
	at org.springframework.beans.factory.support.DefaultListableBeanFactory.instantiateSingleton(DefaultListableBeanFactory.java:1222)
	at org.springframework.beans.factory.support.DefaultListableBeanFactory.preInstantiateSingleton(DefaultListableBeanFactory.java:1188)
	at org.springframework.beans.factory.support.DefaultListableBeanFactory.preInstantiateSingletons(DefaultListableBeanFactory.java:1123)
	at org.springframework.context.support.AbstractApplicationContext.finishBeanFactoryInitialization(AbstractApplicationContext.java:987)
	at org.springframework.context.support.AbstractApplicationContext.refresh(AbstractApplicationContext.java:627)
	at org.springframework.boot.SpringApplication.refresh(SpringApplication.java:752)
	at org.springframework.boot.SpringApplication.refreshContext(SpringApplication.java:439)
	at org.springframework.boot.SpringApplication.run(SpringApplication.java:318)
	at org.springframework.boot.test.context.SpringBootContextLoader.lambda$loadContext$3(SpringBootContextLoader.java:144)
	at org.springframework.util.function.ThrowingSupplier.get(ThrowingSupplier.java:58)
	at org.springframework.util.function.ThrowingSupplier.get(ThrowingSupplier.java:46)
	at org.springframework.boot.SpringApplication.withHook(SpringApplication.java:1461)
	at org.springframework.boot.test.context.SpringBootContextLoader$ContextLoaderHook.run(SpringBootContextLoader.java:563)
	at org.springframework.boot.test.context.SpringBootContextLoader.loadContext(SpringBootContextLoader.java:144)
	at org.springframework.boot.test.context.SpringBootContextLoader.loadContext(SpringBootContextLoader.java:110)
	at org.springframework.test.context.cache.DefaultCacheAwareContextLoaderDelegate.loadContextInternal(DefaultCacheAwareContextLoaderDelegate.java:225)
	at org.springframework.test.context.cache.DefaultCacheAwareContextLoaderDelegate.loadContext(DefaultCacheAwareContextLoaderDelegate.java:152)
	... 79 common frames omitted
Caused by: org.springframework.beans.factory.NoUniqueBeanDefinitionException: No qualifying bean of type 'ru.georgdeveloper.assistantcore.config.AssistantProperties' available: expected single matching bean but found 2: assistantProperties,techno.assistant-ru.georgdeveloper.assistantcore.config.AssistantProperties
	at org.springframework.beans.factory.config.DependencyDescriptor.resolveNotUnique(DependencyDescriptor.java:218)
	at org.springframework.beans.factory.support.DefaultListableBeanFactory.doResolveDependency(DefaultListableBeanFactory.java:1722)
	at org.springframework.beans.factory.support.DefaultListableBeanFactory.resolveDependency(DefaultListableBeanFactory.java:1628)
	at org.springframework.beans.factory.annotation.AutowiredAnnotationBeanPostProcessor$AutowiredFieldElement.resolveFieldValue(AutowiredAnnotationBeanPostProcessor.java:785)
	... 106 common frames omitted
2025-08-15 15:42:31 [main] INFO  r.g.a.config.OllamaConfigTest - Starting OllamaConfigTest using Java 17.0.12 with PID 8760 (started by user in c:\Users\user\IdeaProjects\RepairAIAssistant\assistant-core)
2025-08-15 15:42:31 [main] DEBUG r.g.a.config.OllamaConfigTest - Running with Spring Boot v3.5.4, Spring v6.2.9
2025-08-15 15:42:31 [main] INFO  r.g.a.config.OllamaConfigTest - No active profile set, falling back to 1 default profile: "default"
2025-08-15 15:42:32 [main] INFO  o.s.d.r.c.RepositoryConfigurationDelegate - Bootstrapping Spring Data JPA repositories in DEFAULT mode.
2025-08-15 15:42:32 [main] INFO  o.s.d.r.c.RepositoryConfigurationDelegate - Finished Spring Data repository scanning in 88 ms. Found 5 JPA repository interfaces.
2025-08-15 15:42:34 [main] INFO  o.s.o.j.p.SpringPersistenceUnitInfo - No LoadTimeWeaver setup: ignoring JPA class transformer
2025-08-15 15:42:34 [main] INFO  com.zaxxer.hikari.HikariDataSource - HikariPool-1 - Starting...
2025-08-15 15:42:34 [main] INFO  com.zaxxer.hikari.pool.HikariPool - HikariPool-1 - Added connection com.mysql.cj.jdbc.ConnectionImpl@305881b8
2025-08-15 15:42:34 [main] INFO  com.zaxxer.hikari.HikariDataSource - HikariPool-1 - Start completed.
2025-08-15 15:42:34 [main] WARN  org.hibernate.orm.deprecation - HHH90000025: MySQLDialect does not need to be specified explicitly using 'hibernate.dialect' (remove the property setting and it will be selected by default)
2025-08-15 15:42:36 [main] INFO  o.s.o.j.LocalContainerEntityManagerFactoryBean - Initialized JPA EntityManagerFactory for persistence unit 'default'
2025-08-15 15:42:36 [main] INFO  o.s.d.j.r.query.QueryEnhancerFactory - Hibernate is in classpath; If applicable, HQL parser will be used.
2025-08-15 15:42:38 [main] INFO  r.g.a.s.ResourceValidationService - ? Файл с инструкциями по ремонту найден: training/repair_instructions.json
2025-08-15 15:42:38 [main] INFO  r.g.a.s.ResourceValidationService - ? Файл с обучающими данными найден: training/query_training_data.jsonl
2025-08-15 15:42:38 [main] INFO  r.g.a.s.RepairInstructionsService - Загружено 5368 инструкций по ремонту
2025-08-15 15:42:38 [main] INFO  r.g.a.service.ModelTrainingService - Загружено 31 примеров для обучения
2025-08-15 15:42:38 [main] INFO  r.g.a.service.ModelTrainingService - Добавлено 10736 примеров из repair_instructions.json
2025-08-15 15:42:39 [main] INFO  r.g.a.service.ModelTrainingService - Добавлено 350 примеров из БД (в т.ч. 50 по утечкам)
2025-08-15 15:42:39 [main] INFO  r.g.a.s.OptimizedModelTrainingService - Инициализация оптимизированного сервиса обучения
2025-08-15 15:42:39 [main] INFO  r.g.a.s.OptimizedModelTrainingService - Обучение на 200 записях из БД
2025-08-15 15:42:39 [main] DEBUG r.g.a.service.OllamaService - Генерация ответа для промпта длиной: 64508 символов
2025-08-15 15:46:07 [main] DEBUG r.g.a.service.OllamaService - Получен ответ длиной: 3325 символов
2025-08-15 15:46:08 [main] WARN  o.s.b.a.o.j.JpaBaseConfiguration$JpaWebConfiguration - spring.jpa.open-in-view is enabled by default. Therefore, database queries may be performed during view rendering. Explicitly configure spring.jpa.open-in-view to disable this warning
2025-08-15 15:46:09 [main] INFO  r.g.a.config.ResourcePathsTest - Started ResourcePathsTest in 767.506 seconds (process running for 768.405)
2025-08-15 15:46:11 [SpringApplicationShutdownHook] INFO  o.s.o.j.LocalContainerEntityManagerFactoryBean - Closing JPA EntityManagerFactory for persistence unit 'default'
2025-08-15 15:46:11 [SpringApplicationShutdownHook] INFO  com.zaxxer.hikari.HikariDataSource - HikariPool-1 - Shutdown initiated...
2025-08-15 15:46:11 [SpringApplicationShutdownHook] INFO  com.zaxxer.hikari.HikariDataSource - HikariPool-1 - Shutdown completed.
2025-08-15 15:53:01 [main] DEBUG r.g.a.service.OllamaService - Получен ответ длиной: 3685 символов
2025-08-15 15:53:01 [main] WARN  o.s.b.a.o.j.JpaBaseConfiguration$JpaWebConfiguration - spring.jpa.open-in-view is enabled by default. Therefore, database queries may be performed during view rendering. Explicitly configure spring.jpa.open-in-view to disable this warning
2025-08-15 15:53:02 [main] INFO  r.g.a.config.OllamaConfigTest - Started OllamaConfigTest in 630.952 seconds (process running for 632.419)
2025-08-15 15:53:02 [SpringApplicationShutdownHook] INFO  o.s.o.j.LocalContainerEntityManagerFactoryBean - Closing JPA EntityManagerFactory for persistence unit 'default'
2025-08-15 15:53:02 [SpringApplicationShutdownHook] INFO  com.zaxxer.hikari.HikariDataSource - HikariPool-1 - Shutdown initiated...
2025-08-15 15:53:02 [SpringApplicationShutdownHook] INFO  com.zaxxer.hikari.HikariDataSource - HikariPool-1 - Shutdown completed.
2025-08-15 16:02:16 [main] INFO  r.g.a.AssistantCoreApplicationTests - Starting AssistantCoreApplicationTests using Java 17.0.12 with PID 14644 (started by user in c:\Users\user\IdeaProjects\RepairAIAssistant\assistant-core)
2025-08-15 16:02:16 [main] DEBUG r.g.a.AssistantCoreApplicationTests - Running with Spring Boot v3.5.4, Spring v6.2.9
2025-08-15 16:02:16 [main] INFO  r.g.a.AssistantCoreApplicationTests - No active profile set, falling back to 1 default profile: "default"
2025-08-15 16:02:16 [main] INFO  o.s.d.r.c.RepositoryConfigurationDelegate - Bootstrapping Spring Data JPA repositories in DEFAULT mode.
2025-08-15 16:02:17 [main] INFO  o.s.d.r.c.RepositoryConfigurationDelegate - Finished Spring Data repository scanning in 77 ms. Found 5 JPA repository interfaces.
2025-08-15 16:02:19 [main] INFO  o.s.o.j.p.SpringPersistenceUnitInfo - No LoadTimeWeaver setup: ignoring JPA class transformer
2025-08-15 16:02:19 [main] INFO  com.zaxxer.hikari.HikariDataSource - HikariPool-1 - Starting...
2025-08-15 16:02:19 [main] INFO  com.zaxxer.hikari.pool.HikariPool - HikariPool-1 - Added connection com.mysql.cj.jdbc.ConnectionImpl@407f2029
2025-08-15 16:02:19 [main] INFO  com.zaxxer.hikari.HikariDataSource - HikariPool-1 - Start completed.
2025-08-15 16:02:19 [main] WARN  org.hibernate.orm.deprecation - HHH90000025: MySQLDialect does not need to be specified explicitly using 'hibernate.dialect' (remove the property setting and it will be selected by default)
2025-08-15 16:02:21 [main] INFO  o.s.o.j.LocalContainerEntityManagerFactoryBean - Initialized JPA EntityManagerFactory for persistence unit 'default'
2025-08-15 16:02:22 [main] INFO  o.s.d.j.r.query.QueryEnhancerFactory - Hibernate is in classpath; If applicable, HQL parser will be used.
2025-08-15 16:02:23 [main] INFO  r.g.a.s.ResourceValidationService - ? Файл с инструкциями по ремонту найден: training/repair_instructions.json
2025-08-15 16:02:23 [main] INFO  r.g.a.s.ResourceValidationService - ? Файл с обучающими данными найден: training/query_training_data.jsonl
2025-08-15 16:02:23 [main] INFO  r.g.a.s.RepairInstructionsService - Загружено 5368 инструкций по ремонту
2025-08-15 16:02:23 [main] INFO  r.g.a.service.ModelTrainingService - Загружено 31 примеров для обучения
2025-08-15 16:02:23 [main] INFO  r.g.a.service.ModelTrainingService - Добавлено 10736 примеров из repair_instructions.json
2025-08-15 16:02:25 [main] INFO  r.g.a.service.ModelTrainingService - Добавлено 350 примеров из БД (в т.ч. 50 по утечкам)
2025-08-15 16:02:25 [main] INFO  r.g.a.s.OptimizedModelTrainingService - Инициализация оптимизированного сервиса обучения
2025-08-15 16:02:25 [main] WARN  o.s.b.a.o.j.JpaBaseConfiguration$JpaWebConfiguration - spring.jpa.open-in-view is enabled by default. Therefore, database queries may be performed during view rendering. Explicitly configure spring.jpa.open-in-view to disable this warning
2025-08-15 16:02:26 [main] INFO  r.g.a.AssistantCoreApplicationTests - Started AssistantCoreApplicationTests in 10.817 seconds (process running for 12.501)
2025-08-15 16:02:26 [main] INFO  o.s.t.c.s.AnnotationConfigContextLoaderUtils - Could not detect default configuration classes for test class [ru.georgdeveloper.assistantcore.config.OllamaConfigTest]: OllamaConfigTest does not declare any static, non-private, non-final, nested classes annotated with @Configuration.
2025-08-15 16:02:26 [main] INFO  o.s.b.t.c.SpringBootTestContextBootstrapper - Found @SpringBootConfiguration ru.georgdeveloper.assistantcore.AssistantCoreApplication for test class ru.georgdeveloper.assistantcore.config.OllamaConfigTest
2025-08-15 16:02:26 [main] INFO  o.s.t.c.s.AnnotationConfigContextLoaderUtils - Could not detect default configuration classes for test class [ru.georgdeveloper.assistantcore.config.ResourcePathsTest]: ResourcePathsTest does not declare any static, non-private, non-final, nested classes annotated with @Configuration.
2025-08-15 16:02:26 [main] INFO  o.s.b.t.c.SpringBootTestContextBootstrapper - Found @SpringBootConfiguration ru.georgdeveloper.assistantcore.AssistantCoreApplication for test class ru.georgdeveloper.assistantcore.config.ResourcePathsTest
2025-08-15 16:02:26 [main] INFO  o.s.t.c.s.AnnotationConfigContextLoaderUtils - Could not detect default configuration classes for test class [ru.georgdeveloper.assistantcore.service.QueryAnalysisServiceTest]: QueryAnalysisServiceTest does not declare any static, non-private, non-final, nested classes annotated with @Configuration.
2025-08-15 16:02:27 [main] INFO  o.s.b.t.c.SpringBootTestContextBootstrapper - Found @SpringBootConfiguration ru.georgdeveloper.assistantcore.AssistantCoreApplication for test class ru.georgdeveloper.assistantcore.service.QueryAnalysisServiceTest
2025-08-15 16:02:27 [main] INFO  o.s.t.c.s.AnnotationConfigContextLoaderUtils - Could not detect default configuration classes for test class [ru.georgdeveloper.assistantcore.service.RepairInstructionsServiceTest]: RepairInstructionsServiceTest does not declare any static, non-private, non-final, nested classes annotated with @Configuration.
2025-08-15 16:02:27 [main] INFO  o.s.b.t.c.SpringBootTestContextBootstrapper - Found @SpringBootConfiguration ru.georgdeveloper.assistantcore.AssistantCoreApplication for test class ru.georgdeveloper.assistantcore.service.RepairInstructionsServiceTest
2025-08-15 16:02:27 [main] DEBUG r.g.a.service.OllamaService - Генерация ответа для промпта длиной: 2952 символов
